2023-12-17 09:46:41,781 [INFO] Activator:176 - 


2023-12-17 09:46:41,790 [INFO] Activator:177 - !SESSION log4j initialized
2023-12-17 09:46:52,647 [INFO] LogOutputStream:77 - [STDOUT_REDIRECT] 
2023-12-17 09:46:54,352 [INFO] ApplicationProperties:184 - Using Application install path: D:\hocviec\download\STM32CubeIDE_1.14.0\STM32CubeIDE\plugins\com.st.stm32cube.common.mx_6.10.0.202311202037
2023-12-17 09:46:54,384 [INFO] DbMcusXml:78 - Set database path to: D:\hocviec\download\STM32CubeIDE_1.14.0\STM32CubeIDE\plugins\com.st.stm32cube.common.mx_6.10.0.202311202037\\db\/mcu/
2023-12-17 09:46:54,384 [INFO] ApiDb:274 - Set plugin database path to: D:\hocviec\download\STM32CubeIDE_1.14.0\STM32CubeIDE\plugins\com.st.stm32cube.common.mx_6.10.0.202311202037\\db\/plugins/boardmanager/
2023-12-17 09:46:54,385 [WARN] ApiDb:259 - Overriding images path with different value:  => D:\hocviec\download\STM32CubeIDE_1.14.0\STM32CubeIDE\plugins\com.st.stm32cube.common.mx_6.10.0.202311202037\\db\/plugins/mcufinder/images/
2023-12-17 09:46:54,403 [INFO] ApiDb:250 - Set database path to: C:\Users\Admin\.stmcufinder\plugins\mcufinder//mcu/
2023-12-17 09:46:54,405 [INFO] DbMcusAds:125 - Set database path to: C:\Users\Admin\.stmcufinder\plugins\mcufinder//mcu/
2023-12-17 09:46:54,408 [INFO] CrossReferenceDbSqlite:203 - Set database path to: C:\Users\Admin\.stmcufinder\plugins\mcufinder//mcu/cs/
2023-12-17 09:46:54,684 [INFO] RulesReader:64 - Compatibility file has been processed (297 Rules)
2023-12-17 09:46:54,864 [INFO] DbMcusXml:78 - Set database path to: D:\hocviec\download\STM32CubeIDE_1.14.0\STM32CubeIDE\plugins\com.st.stm32cube.common.mx_6.10.0.202311202037\\db\/mcu/
2023-12-17 09:46:54,865 [INFO] ApiDb:274 - Set plugin database path to: D:\hocviec\download\STM32CubeIDE_1.14.0\STM32CubeIDE\plugins\com.st.stm32cube.common.mx_6.10.0.202311202037\\db\/plugins/boardmanager/
2023-12-17 09:46:54,865 [INFO] ApiDb:261 - Set plugin images path to: D:\hocviec\download\STM32CubeIDE_1.14.0\STM32CubeIDE\plugins\com.st.stm32cube.common.mx_6.10.0.202311202037\\db\/plugins/mcufinder/images/
2023-12-17 09:46:54,865 [WARN] DbFile:41 - Overriding database path with different value: C:\Users\Admin\.stmcufinder\plugins\mcufinder/ => C:\Users\Admin\.stmcufinder\plugins\mcufinder
2023-12-17 09:46:54,865 [INFO] ApiDb:250 - Set database path to: C:\Users\Admin\.stmcufinder\plugins\mcufinder//mcu/
2023-12-17 09:46:54,866 [WARN] DbFile:41 - Overriding database path with different value: C:\Users\Admin\.stmcufinder\plugins\mcufinder/ => C:\Users\Admin\.stmcufinder\plugins\mcufinder
2023-12-17 09:46:54,866 [INFO] DbMcusAds:125 - Set database path to: C:\Users\Admin\.stmcufinder\plugins\mcufinder//mcu/
2023-12-17 09:46:54,866 [WARN] DbFile:41 - Overriding database path with different value: C:\Users\Admin\.stmcufinder\plugins\mcufinder/ => C:\Users\Admin\.stmcufinder\plugins\mcufinder
2023-12-17 09:46:54,866 [WARN] DbFile:41 - Overriding database path with different value: C:\Users\Admin\.stmcufinder\plugins\mcufinder/ => C:\Users\Admin\.stmcufinder\plugins\mcufinder
2023-12-17 09:46:54,866 [INFO] CrossReferenceDbSqlite:203 - Set database path to: C:\Users\Admin\.stmcufinder\plugins\mcufinder//mcu/cs/
2023-12-17 09:46:55,018 [INFO] MainPanel:264 - HeapMemory: 268435456
2023-12-17 09:46:55,186 [INFO] DbMcusXml:78 - Set database path to: D:\hocviec\download\STM32CubeIDE_1.14.0\STM32CubeIDE\plugins\com.st.stm32cube.common.mx_6.10.0.202311202037\\db\/mcu/
2023-12-17 09:46:55,186 [INFO] ApiDb:274 - Set plugin database path to: D:\hocviec\download\STM32CubeIDE_1.14.0\STM32CubeIDE\plugins\com.st.stm32cube.common.mx_6.10.0.202311202037\\db\/plugins/boardmanager/
2023-12-17 09:46:55,186 [INFO] ApiDb:261 - Set plugin images path to: D:\hocviec\download\STM32CubeIDE_1.14.0\STM32CubeIDE\plugins\com.st.stm32cube.common.mx_6.10.0.202311202037\\db\/plugins/mcufinder/images/
2023-12-17 09:46:55,187 [WARN] DbFile:41 - Overriding database path with different value: C:\Users\Admin\.stmcufinder\plugins\mcufinder/ => C:\Users\Admin\.stmcufinder\plugins\mcufinder
2023-12-17 09:46:55,187 [INFO] ApiDb:250 - Set database path to: C:\Users\Admin\.stmcufinder\plugins\mcufinder//mcu/
2023-12-17 09:46:55,188 [WARN] DbFile:41 - Overriding database path with different value: C:\Users\Admin\.stmcufinder\plugins\mcufinder/ => C:\Users\Admin\.stmcufinder\plugins\mcufinder
2023-12-17 09:46:55,188 [INFO] DbMcusAds:125 - Set database path to: C:\Users\Admin\.stmcufinder\plugins\mcufinder//mcu/
2023-12-17 09:46:55,188 [WARN] DbFile:41 - Overriding database path with different value: C:\Users\Admin\.stmcufinder\plugins\mcufinder/ => C:\Users\Admin\.stmcufinder\plugins\mcufinder
2023-12-17 09:46:55,188 [WARN] DbFile:41 - Overriding database path with different value: C:\Users\Admin\.stmcufinder\plugins\mcufinder/ => C:\Users\Admin\.stmcufinder\plugins\mcufinder
2023-12-17 09:46:55,188 [INFO] CrossReferenceDbSqlite:203 - Set database path to: C:\Users\Admin\.stmcufinder\plugins\mcufinder//mcu/cs/
2023-12-17 09:46:55,218 [INFO] ApplicationProperties:184 - Using Application install path: D:\hocviec\download\STM32CubeIDE_1.14.0\STM32CubeIDE\plugins\com.st.stm32cube.common.mx_6.10.0.202311202037
2023-12-17 09:46:55,221 [INFO] PluginManage:196 - Search for loadable plugins [exclusion list=, ]
2023-12-17 09:46:55,223 [INFO] PluginManage:310 - Check plugin analytics
2023-12-17 09:46:55,546 [INFO] AnalyticsPlugin:253 - Accepted Software Licenses: 
2023-12-17 09:46:55,547 [INFO] AnalyticsPlugin:255 - Accepted CMSIS Pack Licenses: 
2023-12-17 09:46:55,547 [INFO] AnalyticsPlugin:257 - Accepted Firmware Licenses: 
2023-12-17 09:46:55,552 [INFO] PluginManage:359 - Loaded plugin analytics (category:tool,tabindex:-1)
2023-12-17 09:46:55,553 [INFO] PluginManage:310 - Check plugin cadmodel
2023-12-17 09:46:55,563 [INFO] CADModel:105 - Init CAD model plugin
2023-12-17 09:46:55,564 [INFO] PluginManage:359 - Loaded plugin cadmodel (category:power,tabindex:5)
2023-12-17 09:46:55,564 [INFO] PluginManage:310 - Check plugin clock
2023-12-17 09:46:55,589 [INFO] PluginManage:359 - Loaded plugin clock (category:base,tabindex:2)
2023-12-17 09:46:55,589 [INFO] PluginManage:310 - Check plugin ddr
2023-12-17 09:46:55,594 [INFO] PluginManage:359 - Loaded plugin ddr (category:tool,tabindex:6)
2023-12-17 09:46:55,594 [INFO] PluginManage:310 - Check plugin filemanager
2023-12-17 09:46:55,827 [INFO] PluginManage:359 - Loaded plugin filemanager (category:base,tabindex:10)
2023-12-17 09:46:55,827 [INFO] PluginManage:310 - Check plugin ipmanager
2023-12-17 09:46:55,841 [INFO] PluginManage:359 - Loaded plugin ipmanager (category:base,tabindex:5)
2023-12-17 09:46:55,841 [INFO] PluginManage:310 - Check plugin lpbam
2023-12-17 09:46:55,858 [INFO] PluginManage:359 - Loaded plugin lpbam (category:base,tabindex:0)
2023-12-17 09:46:55,858 [INFO] PluginManage:310 - Check plugin memorymap
2023-12-17 09:46:55,886 [INFO] PluginManage:359 - Loaded plugin memorymap (category:base,tabindex:4)
2023-12-17 09:46:55,886 [INFO] PluginManage:310 - Check plugin pinoutandconfiguration
2023-12-17 09:46:55,903 [INFO] PluginManage:359 - Loaded plugin pinoutandconfiguration (category:base,tabindex:1)
2023-12-17 09:46:55,903 [INFO] PluginManage:310 - Check plugin pinoutconfig
2023-12-17 09:46:56,104 [WARN] SupportedApi:132 - Cannot load RTOS API schema: s4s-elt-must-match.1: The content of 'definitions' must match (annotation?, (simpleType | complexType)?, (unique | key | keyref)*)). A problem was found starting at: attribute.
2023-12-17 09:46:56,338 [INFO] PluginManage:359 - Loaded plugin pinoutconfig (category:base,tabindex:0)
2023-12-17 09:46:56,338 [INFO] PluginManage:310 - Check plugin power
2023-12-17 09:46:56,359 [INFO] PluginManage:359 - Loaded plugin power (category:power,tabindex:4)
2023-12-17 09:46:56,359 [INFO] PluginManage:310 - Check plugin projectmanager
2023-12-17 09:46:56,394 [INFO] PluginManage:359 - Loaded plugin projectmanager (category:projectmanager,tabindex:3)
2023-12-17 09:46:56,394 [INFO] PluginManage:310 - Check plugin thirdparty
2023-12-17 09:46:56,730 [INFO] PluginManage:359 - Loaded plugin thirdparty (category:base,tabindex:-1)
2023-12-17 09:46:56,730 [INFO] PluginManage:310 - Check plugin tools
2023-12-17 09:46:56,730 [WARN] IntegrityCheckThread:84 - waiting for thirdparty lock release [integrity check]
2023-12-17 09:46:56,731 [INFO] IntegrityCheckThread:86 - entering critical section [integrity check]
2023-12-17 09:46:56,734 [INFO] ThirdPartyUpdaterWithRetryManager:70 - Updater plugin not ready yet. [1/15]
2023-12-17 09:46:56,736 [INFO] PluginManage:359 - Loaded plugin tools (category:base,tabindex:7)
2023-12-17 09:46:56,736 [INFO] PluginManage:310 - Check plugin tutovideos
2023-12-17 09:46:57,096 [INFO] PluginManage:359 - Loaded plugin tutovideos (category:base,tabindex:-1)
2023-12-17 09:46:57,096 [INFO] PluginManage:310 - Check plugin updater
2023-12-17 09:46:57,120 [INFO] PluginManage:359 - Loaded plugin updater (category:base,tabindex:12)
2023-12-17 09:46:57,120 [INFO] PluginManage:310 - Check plugin userauth
2023-12-17 09:46:57,129 [INFO] UserAuth:114 - Init User Auth plugin
2023-12-17 09:46:57,130 [INFO] PluginManage:359 - Loaded plugin userauth (category:base,tabindex:14)
2023-12-17 09:46:57,130 [INFO] PluginManage:283 - PluginManage : Loaded plugins [17]
2023-12-17 09:46:57,493 [INFO] PinOutPanel:1499 - setPackage(No Configuration,No Configuration)
2023-12-17 09:46:57,619 [INFO] CADModel:165 - CPN selected for project level
2023-12-17 09:46:57,619 [INFO] CADModel:114 - Register for checkConnection events
2023-12-17 09:46:57,649 [INFO] IPUIPlugin:80 - create IPUIPlugin
2023-12-17 09:46:57,649 [INFO] PluginManager:220 - loadIPPluginJar : add adc
2023-12-17 09:46:57,653 [INFO] IPUIPlugin:80 - create IPUIPlugin
2023-12-17 09:46:57,653 [INFO] PluginManager:220 - loadIPPluginJar : add aes
2023-12-17 09:46:57,659 [INFO] IPUIPlugin:80 - create IPUIPlugin
2023-12-17 09:46:57,659 [INFO] PluginManager:220 - loadIPPluginJar : add can
2023-12-17 09:46:57,661 [INFO] IPUIPlugin:80 - create IPUIPlugin
2023-12-17 09:46:57,662 [INFO] PluginManager:220 - loadIPPluginJar : add comp
2023-12-17 09:46:57,666 [INFO] IPUIPlugin:80 - create IPUIPlugin
2023-12-17 09:46:57,666 [INFO] PluginManager:220 - loadIPPluginJar : add cryp
2023-12-17 09:46:57,670 [INFO] IPUIPlugin:80 - create IPUIPlugin
2023-12-17 09:46:57,670 [INFO] PluginManager:220 - loadIPPluginJar : add dfsdm
2023-12-17 09:46:57,680 [INFO] IPUIPlugin:80 - create IPUIPlugin
2023-12-17 09:46:57,681 [INFO] PluginManager:220 - loadIPPluginJar : add dma
2023-12-17 09:46:57,685 [INFO] IPUIPlugin:80 - create IPUIPlugin
2023-12-17 09:46:57,685 [INFO] PluginManager:220 - loadIPPluginJar : add dma3
2023-12-17 09:46:57,689 [INFO] IPUIPlugin:80 - create IPUIPlugin
2023-12-17 09:46:57,689 [INFO] PluginManager:220 - loadIPPluginJar : add fatfs
2023-12-17 09:46:57,696 [INFO] IPUIPlugin:80 - create IPUIPlugin
2023-12-17 09:46:57,696 [INFO] PluginManager:220 - loadIPPluginJar : add fmc
2023-12-17 09:46:57,705 [INFO] IPUIPlugin:80 - create IPUIPlugin
2023-12-17 09:46:57,706 [INFO] PluginManager:220 - loadIPPluginJar : add freertos
2023-12-17 09:46:57,708 [INFO] IPUIPlugin:80 - create IPUIPlugin
2023-12-17 09:46:57,708 [INFO] PluginManager:220 - loadIPPluginJar : add genericplugin
2023-12-17 09:46:57,712 [INFO] IPUIPlugin:80 - create IPUIPlugin
2023-12-17 09:46:57,712 [INFO] PluginManager:220 - loadIPPluginJar : add gfxmmu
2023-12-17 09:46:57,719 [INFO] IPUIPlugin:80 - create IPUIPlugin
2023-12-17 09:46:57,719 [INFO] PluginManager:220 - loadIPPluginJar : add gic
2023-12-17 09:46:57,725 [INFO] IPUIPlugin:80 - create IPUIPlugin
2023-12-17 09:46:57,725 [INFO] PluginManager:220 - loadIPPluginJar : add gpio
2023-12-17 09:46:57,729 [INFO] IPUIPlugin:80 - create IPUIPlugin
2023-12-17 09:46:57,729 [INFO] PluginManager:220 - loadIPPluginJar : add gtzc
2023-12-17 09:46:57,733 [INFO] IPUIPlugin:80 - create IPUIPlugin
2023-12-17 09:46:57,734 [INFO] PluginManager:220 - loadIPPluginJar : add hash
2023-12-17 09:46:57,738 [INFO] IPUIPlugin:80 - create IPUIPlugin
2023-12-17 09:46:57,738 [INFO] PluginManager:220 - loadIPPluginJar : add i2c
2023-12-17 09:46:57,741 [INFO] IPUIPlugin:80 - create IPUIPlugin
2023-12-17 09:46:57,742 [INFO] PluginManager:220 - loadIPPluginJar : add i2s
2023-12-17 09:46:57,745 [INFO] IPUIPlugin:80 - create IPUIPlugin
2023-12-17 09:46:57,746 [INFO] PluginManager:220 - loadIPPluginJar : add i3c
2023-12-17 09:46:57,751 [INFO] IPUIPlugin:80 - create IPUIPlugin
2023-12-17 09:46:57,752 [INFO] PluginManager:220 - loadIPPluginJar : add ipddr
2023-12-17 09:46:57,760 [INFO] IPUIPlugin:80 - create IPUIPlugin
2023-12-17 09:46:57,760 [INFO] PluginManager:220 - loadIPPluginJar : add linkedlist
2023-12-17 09:46:57,764 [INFO] IPUIPlugin:80 - create IPUIPlugin
2023-12-17 09:46:57,765 [INFO] PluginManager:220 - loadIPPluginJar : add lorawan
2023-12-17 09:46:57,767 [INFO] IPUIPlugin:80 - create IPUIPlugin
2023-12-17 09:46:57,767 [INFO] PluginManager:220 - loadIPPluginJar : add ltdc
2023-12-17 09:46:57,774 [INFO] IPUIPlugin:80 - create IPUIPlugin
2023-12-17 09:46:57,775 [INFO] PluginManager:220 - loadIPPluginJar : add mdma
2023-12-17 09:46:57,782 [INFO] IPUIPlugin:80 - create IPUIPlugin
2023-12-17 09:46:57,782 [INFO] PluginManager:220 - loadIPPluginJar : add nvic
2023-12-17 09:46:57,786 [INFO] IPUIPlugin:80 - create IPUIPlugin
2023-12-17 09:46:57,786 [INFO] PluginManager:220 - loadIPPluginJar : add opamp
2023-12-17 09:46:57,791 [INFO] IPUIPlugin:80 - create IPUIPlugin
2023-12-17 09:46:57,791 [INFO] PluginManager:220 - loadIPPluginJar : add openamp
2023-12-17 09:46:57,796 [INFO] IPUIPlugin:80 - create IPUIPlugin
2023-12-17 09:46:57,796 [INFO] PluginManager:220 - loadIPPluginJar : add pdm2pcm
2023-12-17 09:46:57,804 [INFO] IPUIPlugin:80 - create IPUIPlugin
2023-12-17 09:46:57,808 [INFO] PluginManager:220 - loadIPPluginJar : add plateformsettings
2023-12-17 09:46:57,810 [INFO] IPUIPlugin:80 - create IPUIPlugin
2023-12-17 09:46:57,810 [INFO] PluginManager:220 - loadIPPluginJar : add quadspi
2023-12-17 09:46:57,816 [INFO] IPUIPlugin:80 - create IPUIPlugin
2023-12-17 09:46:57,816 [INFO] PluginManager:220 - loadIPPluginJar : add resmgrutility
2023-12-17 09:46:57,820 [INFO] IPUIPlugin:80 - create IPUIPlugin
2023-12-17 09:46:57,820 [INFO] PluginManager:220 - loadIPPluginJar : add sai
2023-12-17 09:46:57,824 [INFO] IPUIPlugin:80 - create IPUIPlugin
2023-12-17 09:46:57,824 [INFO] PluginManager:220 - loadIPPluginJar : add spi
2023-12-17 09:46:57,831 [INFO] IPUIPlugin:80 - create IPUIPlugin
2023-12-17 09:46:57,831 [INFO] PluginManager:220 - loadIPPluginJar : add stm32_wpan
2023-12-17 09:46:57,834 [INFO] IPUIPlugin:80 - create IPUIPlugin
2023-12-17 09:46:57,834 [INFO] PluginManager:220 - loadIPPluginJar : add tim
2023-12-17 09:46:57,839 [INFO] IPUIPlugin:80 - create IPUIPlugin
2023-12-17 09:46:57,839 [INFO] PluginManager:220 - loadIPPluginJar : add touchsensing
2023-12-17 09:46:57,842 [INFO] IPUIPlugin:80 - create IPUIPlugin
2023-12-17 09:46:57,843 [INFO] PluginManager:220 - loadIPPluginJar : add tracer_emb
2023-12-17 09:46:57,845 [INFO] IPUIPlugin:80 - create IPUIPlugin
2023-12-17 09:46:57,845 [INFO] PluginManager:220 - loadIPPluginJar : add ts
2023-12-17 09:46:57,848 [INFO] IPUIPlugin:80 - create IPUIPlugin
2023-12-17 09:46:57,848 [INFO] PluginManager:220 - loadIPPluginJar : add tsc
2023-12-17 09:46:57,851 [INFO] IPUIPlugin:80 - create IPUIPlugin
2023-12-17 09:46:57,852 [INFO] PluginManager:220 - loadIPPluginJar : add ucpd
2023-12-17 09:46:57,856 [INFO] IPUIPlugin:80 - create IPUIPlugin
2023-12-17 09:46:57,856 [INFO] PluginManager:220 - loadIPPluginJar : add usart
2023-12-17 09:46:57,861 [INFO] IPUIPlugin:80 - create IPUIPlugin
2023-12-17 09:46:57,861 [INFO] PluginManager:220 - loadIPPluginJar : add usbx
2023-12-17 09:46:58,031 [INFO] CADModel:165 - CPN selected for project level
2023-12-17 09:46:58,032 [INFO] CADModel:114 - Register for checkConnection events
2023-12-17 09:46:58,032 [FATAL] Updater:308 - Updater called before beeing initialized
2023-12-17 09:46:58,032 [ERROR] CADModel:125 - Updater not yet initialized, retry later 
2023-12-17 09:46:58,277 [INFO] CADModel:165 - CPN selected for project level
2023-12-17 09:46:58,277 [INFO] CADModel:114 - Register for checkConnection events
2023-12-17 09:46:58,277 [FATAL] Updater:308 - Updater called before beeing initialized
2023-12-17 09:46:58,277 [ERROR] CADModel:125 - Updater not yet initialized, retry later 
2023-12-17 09:46:58,283 [FATAL] Updater:308 - Updater called before beeing initialized
2023-12-17 09:46:58,509 [FATAL] Updater:308 - Updater called before beeing initialized
2023-12-17 09:46:58,515 [INFO] DbMcusAds:53 - JSON generation date=Wed Nov 29 17:52:27 ICT 2023 (1701255147349)
2023-12-17 09:46:58,515 [FATAL] Updater:308 - Updater called before beeing initialized
2023-12-17 09:46:58,588 [WARN] DetailPanel:346 - Failed to get advertising image, set to default
2023-12-17 09:46:58,747 [FATAL] Updater:308 - Updater called before beeing initialized
2023-12-17 09:46:58,750 [FATAL] Updater:308 - Updater called before beeing initialized
2023-12-17 09:46:58,750 [FATAL] Updater:308 - Updater called before beeing initialized
2023-12-17 09:46:58,750 [WARN] DetailPanel:346 - Failed to get advertising image, set to default
2023-12-17 09:46:58,751 [FATAL] Updater:308 - Updater called before beeing initialized
2023-12-17 09:46:58,908 [ERROR] Updater:1120 - MainUpdater not yet initialized. External WinMGr cannot be set.
2023-12-17 09:46:58,912 [INFO] Updater:1056 - Updater Version found : 6.10.0
2023-12-17 09:46:58,959 [INFO] ApplicationProperties:184 - Using Application install path: D:\hocviec\download\STM32CubeIDE_1.14.0\STM32CubeIDE\plugins\com.st.stm32cube.common.mx_6.10.0.202311202037
2023-12-17 09:46:59,578 [INFO] MainUpdater:2873 - connection check result : 10
2023-12-17 09:46:59,579 [INFO] MainUpdater:290 - Updater Check For Update Now.
2023-12-17 09:46:59,580 [INFO] MicroXplorer:498 - Change Database Version : DB.6.0.100
2023-12-17 09:46:59,590 [INFO] McuFinderGlobals:63 - Set McuFinder mode to 2 (CubeIDE integrated)
2023-12-17 09:46:59,736 [WARN] MainUpdater:1194 - Updater busy. Cannot search thirdparties
2023-12-17 09:46:59,737 [INFO] ThirdPartyUpdaterWithRetryManager:96 - Updater plugin is busy. [1/15]
2023-12-17 09:46:59,919 [INFO] CheckServerUpdateThread:120 - End of CheckServer Thread
2023-12-17 09:46:59,929 [INFO] UserAuth:404 - Internet connection configuration mode: 1
2023-12-17 09:46:59,957 [INFO] JxBrowserEngine:152 - Initiate JxBrowser Engine with user profile folder
2023-12-17 09:47:01,493 [INFO] WebApp:161 - Instantiating new browser for Auth
2023-12-17 09:47:02,545 [INFO] WebApp:780 - Register for checkConnection events
2023-12-17 09:47:02,545 [INFO] WebApp:414 - Apply proxy settings
2023-12-17 09:47:02,545 [INFO] WebApp:499 - Chromium requires no authentication
2023-12-17 09:47:02,559 [INFO] WebApp:442 - Direct internet connection detected
2023-12-17 09:47:02,894 [INFO] WebApp:192 - Starting web application
2023-12-17 09:47:02,895 [INFO] WebApp:544 - Web application path used D:\hocviec\download\STM32CubeIDE_1.14.0\STM32CubeIDE\plugins\com.st.stm32cube.common.mx_6.10.0.202311202037\db\plugins\mcufinder\reactClient1\index.html
2023-12-17 09:47:03,341 [WARN] PackLoader:240 - Cannot read IP mode file for STMicroelectronics.X-CUBE-SMBUS.2.1.0
2023-12-17 09:47:03,361 [WARN] PackLoader:240 - Cannot read IP mode file for STMicroelectronics.X-CUBE-TOUCHGFX.4.23.0
2023-12-17 09:47:03,570 [WARN] PackLoader:240 - Cannot read IP mode file for STMicroelectronics.X-CUBE-AZRTOS-F7.1.1.0
2023-12-17 09:47:03,644 [WARN] PackLoader:240 - Cannot read IP mode file for STMicroelectronics.FP-SNS-MOTENV1.4.3.2
2023-12-17 09:47:03,669 [WARN] PackLoader:240 - Cannot read IP mode file for STMicroelectronics.FP-SNS-FLIGHT1.5.0.2
2023-12-17 09:47:03,695 [WARN] PackLoader:240 - Cannot read IP mode file for STMicroelectronics.X-CUBE-DISPLAY.3.0.0
2023-12-17 09:47:03,731 [WARN] PackLoader:240 - Cannot read IP mode file for STMicroelectronics.X-CUBE-BLE1.7.0.0
2023-12-17 09:47:03,748 [WARN] PackLoader:240 - Cannot read IP mode file for emotas.I-CUBE-CANOPEN.1.3.0
2023-12-17 09:47:03,756 [WARN] PackLoader:240 - Cannot read IP mode file for STMicroelectronics.X-CUBE-TOUCHGFX.4.22.1
2023-12-17 09:47:03,795 [WARN] PackLoader:240 - Cannot read IP mode file for STMicroelectronics.FP-SNS-SMARTAG2.1.2.0
2023-12-17 09:47:03,825 [INFO] LogOutputStream:77 - [STDOUT_REDIRECT] 1 : Invalid condition id : UX_CORESTACK_Condition cause : null
2023-12-17 09:47:03,826 [INFO] LogOutputStream:77 - [STDOUT_REDIRECT] 1 : Invalid condition id : UX_CORESTACK_Condition cause : null
2023-12-17 09:47:03,830 [INFO] LogOutputStream:77 - [STDOUT_REDIRECT] 1 : Invalid condition id : UX_CORESTACK_Condition cause : null
2023-12-17 09:47:03,833 [INFO] LogOutputStream:77 - [STDOUT_REDIRECT] 1 : Invalid condition id : UX_CORESTACK_Condition cause : null
2023-12-17 09:47:03,836 [INFO] LogOutputStream:77 - [STDOUT_REDIRECT] 1 : Invalid condition id : UX_CORESTACK_Condition cause : null
2023-12-17 09:47:03,850 [WARN] PackLoader:240 - Cannot read IP mode file for STMicroelectronics.X-CUBE-AZRTOS-WL.2.0.0
2023-12-17 09:47:03,877 [WARN] PackLoader:240 - Cannot read IP mode file for WES.I-CUBE-Cesium.1.3.0
2023-12-17 09:47:03,915 [WARN] PackLoader:240 - Cannot read IP mode file for STMicroelectronics.X-CUBE-BLE2.3.3.0
2023-12-17 09:47:03,934 [WARN] PackLoader:240 - Cannot read IP mode file for STMicroelectronics.X-CUBE-ALGOBUILD.1.3.0
2023-12-17 09:47:03,987 [WARN] PackLoader:240 - Cannot read IP mode file for STMicroelectronics.X-CUBE-AZRTOS-G0.1.1.0
2023-12-17 09:47:04,009 [WARN] PackLoader:240 - Cannot read IP mode file for STMicroelectronics.X-CUBE-NFC4.3.0.0
2023-12-17 09:47:04,058 [WARN] PackLoader:240 - Cannot read IP mode file for STMicroelectronics.X-CUBE-BLEMGR.3.0.0
2023-12-17 09:47:04,076 [WARN] PackLoader:240 - Cannot read IP mode file for STMicroelectronics.FP-ATR-SIGFOX1.3.2.0
2023-12-17 09:47:04,088 [WARN] PackLoader:240 - Cannot read IP mode file for STMicroelectronics.X-CUBE-GNSS1.6.0.0
2023-12-17 09:47:04,159 [WARN] PackLoader:240 - Cannot read IP mode file for STMicroelectronics.X-CUBE-AZRTOS-F4.1.1.0
2023-12-17 09:47:04,176 [WARN] PackLoader:240 - Cannot read IP mode file for wolfSSL.I-CUBE-wolfSSL.5.6.4
2023-12-17 09:47:04,218 [WARN] PackLoader:240 - Cannot read IP mode file for STMicroelectronics.X-CUBE-AZRTOS-L5.2.0.0
2023-12-17 09:47:04,237 [WARN] PackLoader:240 - Cannot read IP mode file for STMicroelectronics.X-CUBE-EEPRMA1.4.2.0
2023-12-17 09:47:04,252 [WARN] PackLoader:240 - Cannot read IP mode file for ITTIA_DB.I-CUBE-ITTIADB.8.8.0
2023-12-17 09:47:04,268 [WARN] PackLoader:240 - Cannot read IP mode file for STMicroelectronics.X-CUBE-NFC7.1.0.1
2023-12-17 09:47:04,284 [WARN] PackLoader:240 - Cannot read IP mode file for STMicroelectronics.X-CUBE-NFC6.3.0.0
2023-12-17 09:47:04,299 [WARN] PackLoader:240 - Cannot read IP mode file for STMicroelectronics.X-CUBE-AI.8.1.0
2023-12-17 09:47:04,344 [WARN] ConditionMgr:438 - getConditionDescription Invalid condition id : LAN8742 Phy interface Condition cause : null
2023-12-17 09:47:04,345 [WARN] PackLoader:240 - Cannot read IP mode file for STMicroelectronics.X-CUBE-AZRTOS-L4.2.0.0
2023-12-17 09:47:04,348 [WARN] ConditionMgr:1039 - genDependencies : Invalid condition id : LAN8742 Phy interface Condition cause : null
2023-12-17 09:47:04,349 [WARN] ConditionMgr:1039 - genDependencies : Invalid condition id : LAN8742 Phy interface Condition cause : null
2023-12-17 09:47:04,351 [WARN] ConditionMgr:1039 - genDependencies : Invalid condition id : LAN8742 Phy interface Condition cause : null
2023-12-17 09:47:04,368 [WARN] PackLoader:240 - Cannot read IP mode file for STMicroelectronics.X-CUBE-SFXS2LP1.4.0.0
2023-12-17 09:47:04,409 [WARN] ConditionMgr:438 - getConditionDescription Invalid condition id : UX DEVICE CLASS RTOS Condition cause : null
2023-12-17 09:47:04,409 [WARN] ConditionMgr:438 - getConditionDescription Invalid condition id : UX DEVICE CLASS RTOS Condition cause : null
2023-12-17 09:47:04,414 [WARN] PackLoader:240 - Cannot read IP mode file for STMicroelectronics.X-CUBE-AZRTOS-WB.2.0.0
2023-12-17 09:47:04,416 [WARN] ConditionMgr:1039 - genDependencies : Invalid condition id : UX DEVICE CLASS RTOS Condition cause : null
2023-12-17 09:47:04,416 [WARN] ConditionMgr:1039 - genDependencies : Invalid condition id : UX DEVICE CLASS RTOS Condition cause : null
2023-12-17 09:47:04,418 [WARN] ConditionMgr:1039 - genDependencies : Invalid condition id : UX DEVICE CLASS RTOS Condition cause : null
2023-12-17 09:47:04,419 [WARN] ConditionMgr:1039 - genDependencies : Invalid condition id : UX DEVICE CLASS RTOS Condition cause : null
2023-12-17 09:47:04,419 [WARN] ConditionMgr:1039 - genDependencies : Invalid condition id : UX DEVICE CLASS RTOS Condition cause : null
2023-12-17 09:47:04,443 [WARN] PackLoader:240 - Cannot read IP mode file for STMicroelectronics.X-CUBE-SUBG2.5.0.0
2023-12-17 09:47:04,553 [WARN] PackLoader:240 - Cannot read IP mode file for STMicroelectronics.X-CUBE-AZRTOS-G4.2.0.0
2023-12-17 09:47:04,589 [WARN] PackLoader:240 - Cannot read IP mode file for Infineon.AIROC-Wi-Fi-Bluetooth-STM32.1.5.1
2023-12-17 09:47:04,610 [WARN] PackLoader:240 - Cannot read IP mode file for STMicroelectronics.FP-SNS-MOTENVWB1.1.3.1
2023-12-17 09:47:04,621 [WARN] PackLoader:240 - Cannot read IP mode file for STMicroelectronics.X-CUBE-ISPU.2.0.0
2023-12-17 09:47:04,755 [WARN] PackLoader:240 - Cannot read IP mode file for STMicroelectronics.X-CUBE-MEMS1.10.0.0
2023-12-17 09:47:05,255 [WARN] PackLoader:240 - Cannot read IP mode file for STMicroelectronics.X-CUBE-FREERTOS.1.1.0
2023-12-17 09:47:05,319 [WARN] PackLoader:240 - Cannot read IP mode file for portGmbH.I-Cube-SoM-uGOAL.1.1.0
2023-12-17 09:47:05,330 [WARN] PackLoader:240 - Cannot read IP mode file for STMicroelectronics.X-CUBE-ALS.1.0.1
2023-12-17 09:47:05,340 [WARN] PackLoader:240 - Cannot read IP mode file for STMicroelectronics.FP-ATR-ASTRA1.2.0.0
2023-12-17 09:47:05,365 [WARN] PackLoader:240 - Cannot read IP mode file for STMicroelectronics.X-CUBE-TOF1.3.4.0
2023-12-17 09:47:05,457 [WARN] PackLoader:240 - Cannot read IP mode file for STMicroelectronics.X-CUBE-AZRTOS-H7.3.2.0
2023-12-17 09:47:05,465 [INFO] ThirdParty:978 - Integrity check success = true
2023-12-17 09:47:05,465 [INFO] IntegrityCheckThread:100 - exiting critical section [integrity check]
2023-12-17 09:47:05,466 [INFO] IntegrityCheckThread:103 - End integrity checks thread
2023-12-17 09:47:13,081 [INFO] McuFinderGlobals:63 - Set McuFinder mode to 2 (CubeIDE integrated)
2023-12-17 09:47:13,091 [INFO] MainUpdater:2873 - connection check result : 10
2023-12-17 09:47:13,092 [INFO] MainUpdater:2873 - connection check result : 10
2023-12-17 09:47:13,150 [INFO] MicroXplorer:468 - Change Database Path : 
2023-12-17 09:47:13,151 [INFO] MicroXplorer:498 - Change Database Version : DB.6.0.100
2023-12-17 09:47:13,158 [WARN] ThirdParty:871 - waiting for thirdparty lock release [close project]
2023-12-17 09:47:13,158 [INFO] ThirdParty:873 - entering critical section [close project]
2023-12-17 09:47:13,160 [INFO] ThirdParty:883 - exiting critical section [close project]
2023-12-17 09:47:13,164 [INFO] PinOutPanel:1499 - setPackage(No Configuration,No Configuration)
2023-12-17 09:47:13,171 [INFO] UtilMem:75 - Begin LoadConfig() Used Memory: 164619176 Bytes (288358400)
2023-12-17 09:47:13,173 [INFO] MicroXplorer:468 - Change Database Path : 
2023-12-17 09:47:13,174 [INFO] MicroXplorer:498 - Change Database Version : DB.6.0.100
2023-12-17 09:47:13,174 [INFO] OpenFileManager:312 - Change cursor
2023-12-17 09:47:13,219 [INFO] Mcu:2016 - Initializing MCU STM32F103C(4-6)Tx STM32F103C6Tx STM32F103C6T6A
2023-12-17 09:47:16,053 [INFO] Context:659 - Trying to add GPIOservice into a context  which must be forbidden
2023-12-17 09:47:16,684 [INFO] RtosManager:555 - Registered RTOS mode: class=CMSIS, group=RTOS, mode=CMSIS_V1, owner=FREERTOS
2023-12-17 09:47:16,685 [INFO] RtosManager:555 - Registered RTOS mode: class=CMSIS, group=RTOS2, mode=CMSIS_V2, owner=FREERTOS
2023-12-17 09:47:16,685 [INFO] RtosManager:555 - Registered RTOS mode: class=RTOS, group=Core, mode=CMSIS_V1, owner=FREERTOS
2023-12-17 09:47:16,685 [INFO] RtosManager:555 - Registered RTOS mode: class=RTOS, group=Core, mode=CMSIS_V2, owner=FREERTOS
2023-12-17 09:47:16,686 [WARN] ModelIntegratedComponent:184 - Missing modes for component STMicroelectronics:FreeRTOS:0.0.1:STMicroelectronics:RTOS:FreeRTOS:Core:::10.2.0:
2023-12-17 09:47:16,725 [WARN] ModelIntegratedComponent:63 - No mode defined for component null
2023-12-17 09:47:16,725 [WARN] ModelIntegratedComponent:63 - No mode defined for component null
2023-12-17 09:47:16,725 [WARN] ModelIntegratedComponent:63 - No mode defined for component null
2023-12-17 09:47:16,725 [WARN] ModelIntegratedComponent:63 - No mode defined for component null
2023-12-17 09:47:16,726 [WARN] ModelIntegratedComponent:63 - No mode defined for component null
2023-12-17 09:47:16,726 [WARN] ModelIntegratedComponent:63 - No mode defined for component null
2023-12-17 09:47:16,726 [WARN] ModelIntegratedComponent:63 - No mode defined for component null
2023-12-17 09:47:16,726 [WARN] ModelIntegratedComponent:63 - No mode defined for component null
2023-12-17 09:47:16,726 [WARN] ModelIntegratedComponent:63 - No mode defined for component null
2023-12-17 09:47:16,726 [WARN] ModelIntegratedComponent:63 - No mode defined for component null
2023-12-17 09:47:16,726 [WARN] ModelIntegratedComponent:63 - No mode defined for component null
2023-12-17 09:47:16,726 [WARN] ModelIntegratedComponent:63 - No mode defined for component null
2023-12-17 09:47:16,727 [WARN] ModelIntegratedComponent:63 - No mode defined for component null
2023-12-17 09:47:16,727 [WARN] ModelIntegratedComponent:63 - No mode defined for component null
2023-12-17 09:47:16,727 [WARN] ModelIntegratedComponent:63 - No mode defined for component null
2023-12-17 09:47:16,727 [WARN] ModelIntegratedComponent:63 - No mode defined for component null
2023-12-17 09:47:16,727 [WARN] ModelIntegratedComponent:63 - No mode defined for component null
2023-12-17 09:47:16,727 [WARN] ModelIntegratedComponent:63 - No mode defined for component null
2023-12-17 09:47:16,727 [WARN] ModelIntegratedComponent:63 - No mode defined for component null
2023-12-17 09:47:16,728 [WARN] ModelIntegratedComponent:63 - No mode defined for component null
2023-12-17 09:47:16,728 [WARN] ModelIntegratedComponent:63 - No mode defined for component null
2023-12-17 09:47:16,728 [WARN] ModelIntegratedComponent:63 - No mode defined for component null
2023-12-17 09:47:16,728 [WARN] ModelIntegratedComponent:63 - No mode defined for component null
2023-12-17 09:47:16,728 [WARN] ModelIntegratedComponent:63 - No mode defined for component null
2023-12-17 09:47:16,728 [WARN] ModelIntegratedComponent:63 - No mode defined for component null
2023-12-17 09:47:16,729 [WARN] ModelIntegratedComponent:63 - No mode defined for component null
2023-12-17 09:47:16,729 [WARN] ModelIntegratedComponent:63 - No mode defined for component null
2023-12-17 09:47:16,729 [WARN] ModelIntegratedComponent:63 - No mode defined for component null
2023-12-17 09:47:16,729 [WARN] ModelIntegratedComponent:63 - No mode defined for component null
2023-12-17 09:47:16,729 [WARN] ModelIntegratedComponent:63 - No mode defined for component null
2023-12-17 09:47:16,729 [WARN] ModelIntegratedComponent:63 - No mode defined for component null
2023-12-17 09:47:16,729 [WARN] ModelIntegratedComponent:63 - No mode defined for component null
2023-12-17 09:47:16,729 [WARN] ModelIntegratedComponent:63 - No mode defined for component null
2023-12-17 09:47:16,999 [INFO] ThirdPartyModel:298 - Start build external matchings
2023-12-17 09:47:17,368 [INFO] ThirdPartyModel:316 - End build external matchings
2023-12-17 09:47:17,725 [INFO] UtilMem:75 - End LoadConfig() Used Memory: 221052432 Bytes (288358400)
2023-12-17 09:47:18,056 [INFO] ApiDb:581 - Connected to CubeFinder SQLite database (C:\Users\Admin\.stmcufinder\plugins\mcufinder\mcu\cube-finder-db.db)
2023-12-17 09:47:18,295 [INFO] ApiDb:668 - CubeFinder database Data Model version=2.1
2023-12-17 09:47:18,295 [INFO] ApiDb:669 - CubeFinder database Configuration version=3.0.39
2023-12-17 09:47:18,295 [INFO] ApiDb:670 - CubeFinder database generation date=2023-11-06 (1699269565)
2023-12-17 09:47:18,295 [INFO] ApiDb:671 - CubeFinder database FW Pack versions=[FP-ATR-ASTRA1_V2.0.0, FP-SNS-FLIGHT1_V5.0.1, FP-SNS-FLIGHT1_V5.0.2, FP-SNS-MOTENV1_V4.3.1, FP-SNS-MOTENV1_V4.3.2, FP-SNS-MOTENVWB1_V1.3.0, FP-SNS-SMARTAG2_V1.2.0, STM32Cube_FW_C0_V1.1.0, STM32Cube_FW_F4_V1.28.0, STM32Cube_FW_F7_V1.17.0, STM32Cube_FW_G0_V1.6.1, STM32Cube_FW_G4_V1.5.1, STM32Cube_FW_H5_V0.5.1, STM32Cube_FW_H5_V1.1.1, STM32Cube_FW_H5_V1.2.0RC2, STM32Cube_FW_H7_V1.11.0, STM32Cube_FW_L0_V1.12.2, STM32Cube_FW_L5_V1.5.0, STM32Cube_FW_U5_V1.3.0RC4, STM32Cube_FW_U5_V1.4.0, STM32Cube_FW_WBA_V1.0.0RC1, STM32Cube_FW_WBA_V1.1.0RC1, STM32Cube_FW_WBA_V1.2.0, STM32Cube_FW_WBA_V1.2.0RC2, STM32Cube_FW_WB_V1.15.0RC1, STM32Cube_FW_WB_V1.16.0, STM32Cube_FW_WB_V1.16.0RC2, STM32Cube_FW_WB_V1.18.0, STM32Cube_FW_WL_V1.3.0, X-CUBE-ALGOBUILD_V1.3.0, X-CUBE-ALS_V1.0.1, X-CUBE-AZRTOS-F4_V1.1.0, X-CUBE-AZRTOS-F7_V1.1.0, X-CUBE-AZRTOS-G0_V1.1.0, X-CUBE-AZRTOS-G4_V2.0.0, X-CUBE-AZRTOS-H7_V3.1.0, X-CUBE-AZRTOS-L4_V1.0.0, X-CUBE-AZRTOS-L4_V2.0.0, X-CUBE-AZRTOS-L5_V1.1.0, X-CUBE-AZRTOS-WB_V2.0.0, X-CUBE-AZRTOS-WL_V2.0.0, X-CUBE-BLE1_V7.0.0, X-CUBE-BLE2_V3.3.0, X-CUBE-BLEMGR_V2.0.0, X-CUBE-EEPRMA1_V4.1.0, X-CUBE-EEPRMA1_V4.2.0, X-CUBE-FREERTOS_V1.1.0, X-CUBE-GNSS1_V6.0.0, X-CUBE-MEMS1_V10.0.0, X-CUBE-MEMS1_V9.1.0, X-CUBE-MEMS1_V9.4.0, X-CUBE-MEMS1_V9.6.0, X-CUBE-NFC4_V3.0.0, X-CUBE-NFC7_V1.0.1, X-CUBE-SFXS2LP1_V4.0.0, X-CUBE-SUBG2_V5.0.0, X-CUBE-TOF1_V3.3.1]
2023-12-17 09:47:22,393 [INFO] ApiDb:240 - Found 371 in-development CPN: [B-G473E-ZEST1S, B-WB1M-WPAN1, B-WL5M-SUBG1, NUCLEO-C031C6, NUCLEO-H503RB, NUCLEO-H563ZI, NUCLEO-U545RE-Q, NUCLEO-U5A5ZJ-Q, NUCLEO-WBA52CG, NUCLEO-WBA55CG, STEVAL-MKBOXPRO, STEVAL-PROTEUS1, STEVAL-STWINBX1, STM320518-EVAL, STM32C0116-DK, STM32C011D6Y3TR, STM32C011D6Y6TR, STM32C011F4P3, STM32C011F4P6, STM32C011F4U3, STM32C011F4U6TR, STM32C011F6P3, STM32C011F6P6, STM32C011F6U3, STM32C011F6U6TR, STM32C011J4M3, STM32C011J4M6, STM32C011J6M3, STM32C011J6M6, STM32C0316-DK, STM32C031C4T3, STM32C031C4T6, STM32C031C4U3, STM32C031C4U6, STM32C031C6T3, STM32C031C6T6, STM32C031C6U3, STM32C031C6U6, STM32C031F4P3, STM32C031F4P6, STM32C031F6P3, STM32C031F6P6, STM32C031G4U3, STM32C031G4U6, STM32C031G6U3, STM32C031G6U6, STM32C031K4T3, STM32C031K4T6, STM32C031K4U3, STM32C031K4U6, STM32C031K6T3, STM32C031K6T6, STM32C031K6U3, STM32C031K6U6, STM32G071K8TXN, STM32G071K8UXN, STM32G081GBU6N, STM32G081KBT6N, STM32G081KBUXN, STM32G0B1CCT6N, STM32G0B1KCT6, STM32G0B1NEY6TR, STM32G0B1RCT6N, STM32G0C1CCT6, STM32G0C1CCT6N, STM32G0C1CCU6N, STM32G0C1CET6N, STM32G0C1CEU6N, STM32G0C1KCT6, STM32G0C1NEY6TR, STM32G0C1RCI6N, STM32G0C1RCT6N, STM32G0C1REI6N, STM32G0C1RET6N, STM32G0C1VCI6, STM32G0C1VEI6, STM32G471CCT6, STM32G471CCU6, STM32G471CET3, STM32G471CET6, STM32G471CEU3, STM32G471CEU6, STM32G471MCT6, STM32G471MET3, STM32G471MET6, STM32G471MEY6TR, STM32G471QCT6, STM32G471QET3, STM32G471RCT6, STM32G471RET3, STM32G471RET6, STM32G471VCH6, STM32G471VCI6, STM32G471VCT6, STM32G471VEH3, STM32G471VEH6, STM32G471VEI3, STM32G471VEI6, STM32G471VET3, STM32G471VET6, STM32G474CCT6, STM32H503CBT6, STM32H503CBU6, STM32H503EBY6TR, STM32H503KBU6, STM32H503RBT6, STM32H562AGI6, STM32H562AII6, STM32H562IGK6, STM32H562IGT6, STM32H562IIK6, STM32H562IIT6, STM32H562RGT6, STM32H562RGV6, STM32H562RIT6, STM32H562RIV6, STM32H562VGT6, STM32H562VIT6, STM32H562ZGT6, STM32H562ZIT6, STM32H563AGI6, STM32H563AII3Q, STM32H563AII6, STM32H563IGK6, STM32H563IGT6, STM32H563IIK3Q, STM32H563IIK6, STM32H563IIT3Q, STM32H563IIT6, STM32H563MIY3QTR, STM32H563RGT6, STM32H563RGV6, STM32H563RIT6, STM32H563RIV6, STM32H563VGT6, STM32H563VIT3Q, STM32H563VIT6, STM32H563ZGT6, STM32H563ZIT3Q, STM32H563ZIT6, STM32H573AII3Q, STM32H573AII6, STM32H573I-DK, STM32H573IIK3Q, STM32H573IIK6, STM32H573IIT3Q, STM32H573IIT6, STM32H573MIY3QTR, STM32H573RIT6, STM32H573RIV6, STM32H573VIT3Q, STM32H573VIT6, STM32H573ZIT3Q, STM32H573ZIT6, STM32L4R5QGI6STR, STM32MP131AAE3, STM32MP131AAF3, STM32MP131AAG3, STM32MP131CAE3, STM32MP131CAF3, STM32MP131CAG3, STM32MP131DAE7, STM32MP131DAF7, STM32MP131DAG7, STM32MP131FAE7, STM32MP131FAF7, STM32MP131FAG7, STM32MP133AAE3, STM32MP133AAF3, STM32MP133AAG3, STM32MP133CAE3, STM32MP133CAF3, STM32MP133CAG3, STM32MP133DAE7, STM32MP133DAF7, STM32MP133DAG7, STM32MP133FAE7, STM32MP133FAF7, STM32MP133FAG7, STM32MP135AAE3, STM32MP135AAF3, STM32MP135AAG3, STM32MP135CAE3, STM32MP135CAF3, STM32MP135CAG3, STM32MP135DAE7, STM32MP135DAF7, STM32MP135DAG7, STM32MP135F-DK, STM32MP135FAE7, STM32MP135FAF7, STM32MP135FAF7T, STM32MP135FAF7U, STM32MP135FAG7, STM32U535CBT6, STM32U535CBT6Q, STM32U535CBU6, STM32U535CBU6Q, STM32U535CCT6, STM32U535CCT6Q, STM32U535CCU6, STM32U535CCU6Q, STM32U535CET6, STM32U535CET6Q, STM32U535CEU6, STM32U535CEU6Q, STM32U535JEY6QTR, STM32U535NCY6QTR, STM32U535NEY6QTR, STM32U535RBI6, STM32U535RBI6Q, STM32U535RBT6, STM32U535RBT6Q, STM32U535RCI6, STM32U535RCI6Q, STM32U535RCT6, STM32U535RCT6Q, STM32U535REI6, STM32U535REI6Q, STM32U535RET6, STM32U535RET6Q, STM32U535VCI6, STM32U535VCI6Q, STM32U535VCT6, STM32U535VCT6Q, STM32U535VEI6, STM32U535VEI6Q, STM32U535VET6, STM32U535VET6Q, STM32U545CET6, STM32U545CET6Q, STM32U545CEU6, STM32U545CEU6Q, STM32U545JEY6QTR, STM32U545NEY6QTR, STM32U545REI6, STM32U545REI6Q, STM32U545RET6, STM32U545RET6Q, STM32U545VEI6, STM32U545VEI6Q, STM32U545VET6, STM32U545VET6Q, STM32U595AIH6, STM32U595AIH6Q, STM32U595AJH6, STM32U595AJH6Q, STM32U595QII6, STM32U595QII6Q, STM32U595QJI6, STM32U595QJI6Q, STM32U595RIT6, STM32U595RIT6Q, STM32U595RJT6, STM32U595RJT6Q, STM32U595VIT6, STM32U595VIT6Q, STM32U595VJT6, STM32U595VJT6Q, STM32U595ZIT6, STM32U595ZIT6Q, STM32U595ZIY6QTR, STM32U595ZJT6, STM32U595ZJT6Q, STM32U595ZJY6QTR, STM32U599BJY6QTR, STM32U599NIH6Q, STM32U599NJH6Q, STM32U599VIT6Q, STM32U599VJT6, STM32U599VJT6Q, STM32U599ZIT6Q, STM32U599ZIY6QTR, STM32U599ZJT6Q, STM32U599ZJY6QTR, STM32U5A5AJH6, STM32U5A5AJH6Q, STM32U5A5QJI6, STM32U5A5QJI6Q, STM32U5A5RJT6, STM32U5A5RJT6Q, STM32U5A5VJT6, STM32U5A5VJT6Q, STM32U5A5ZJT6, STM32U5A5ZJT6Q, STM32U5A5ZJY6QTR, STM32U5A9BJY6QTR, STM32U5A9J-DK, STM32U5A9NJH6Q, STM32U5A9VJT6Q, STM32U5A9ZJT6Q, STM32U5A9ZJY6QTR, STM32U5F7VIT6, STM32U5F7VIT6Q, STM32U5F7VJT6, STM32U5F7VJT6Q, STM32U5F9BJY6QTR, STM32U5F9NJH6Q, STM32U5F9VIT6Q, STM32U5F9VJT6Q, STM32U5F9ZIJ6QTR, STM32U5F9ZIT6Q, STM32U5F9ZJJ6QTR, STM32U5F9ZJT6Q, STM32U5G7VJT6, STM32U5G7VJT6Q, STM32U5G9BJY6QTR, STM32U5G9J-DK1, STM32U5G9J-DK2, STM32U5G9NJH6Q, STM32U5G9VJT6Q, STM32U5G9ZJJ6QTR, STM32U5G9ZJT6Q, STM32WB1MMCH6, STM32WBA50KEU6, STM32WBA50KEU6TR, STM32WBA50KGU6, STM32WBA50KGU6TR, STM32WBA52CEU6, STM32WBA52CEU6TR, STM32WBA52CEU7, STM32WBA52CEU7TR, STM32WBA52CGU6, STM32WBA52CGU6TR, STM32WBA52CGU6U, STM32WBA52CGU7, STM32WBA52CGU7TR, STM32WBA52KEU6, STM32WBA52KEU6TR, STM32WBA52KGU6, STM32WBA52KGU6TR, STM32WBA54CEU6, STM32WBA54CEU6TR, STM32WBA54CEU7, STM32WBA54CEU7TR, STM32WBA54CGU6, STM32WBA54CGU6TR, STM32WBA54CGU7, STM32WBA54CGU7TR, STM32WBA54KEU6, STM32WBA54KEU6TR, STM32WBA54KEU7, STM32WBA54KEU7TR, STM32WBA54KGU6, STM32WBA54KGU6TR, STM32WBA54KGU7, STM32WBA54KGU7TR, STM32WBA55CEU6, STM32WBA55CEU6TR, STM32WBA55CEU7, STM32WBA55CEU7TR, STM32WBA55CGU6, STM32WBA55CGU6TR, STM32WBA55CGU6U, STM32WBA55CGU7, STM32WBA55CGU7TR, STM32WBA55G-DK1, STM32WBA55HEF6, STM32WBA55HEF7, STM32WBA55HGF6, STM32WBA55HGF7, STM32WBA55UEI6, STM32WBA55UEI6TR, STM32WBA55UEI7, STM32WBA55UEI7TR, STM32WBA55UGI6, STM32WBA55UGI6TR, STM32WBA55UGI7, STM32WBA55UGI7TR, STM32WL5MOCH6, STM32WL5MOCH6TR]
2023-12-17 09:47:22,403 [INFO] DbMcus:218 - Found 3930 MCUs, 3930 are supported
2023-12-17 09:47:22,404 [INFO] ApiDb:423 - Load user favorites file C:\Users\Admin/.stm32cubeide/favorites.mcus.txt: 0 item(s)
2023-12-17 09:47:22,404 [INFO] ApiDb:427 - User favorites MCUs=[]
2023-12-17 09:47:22,404 [INFO] DbMcus:224 - Set 0 / 0 favorites MCUs
2023-12-17 09:47:22,975 [INFO] MicroXplorer:468 - Change Database Path : 
2023-12-17 09:47:22,975 [INFO] MicroXplorer:498 - Change Database Version : DB.6.0.100
2023-12-17 09:47:22,976 [WARN] ThirdParty:833 - waiting for thirdparty lock release [change project]
2023-12-17 09:47:22,976 [INFO] ThirdParty:835 - entering critical section [change project]
2023-12-17 09:47:22,976 [INFO] ThirdParty:1030 - CMSIS Pack Vendor :STMicroelectronics USBPD 4.1
2023-12-17 09:47:22,976 [INFO] ThirdParty:1030 - CMSIS Pack Vendor :STMicroelectronics X-CUBE-GNSS1 6.0.0
2023-12-17 09:47:22,976 [INFO] ThirdParty:1030 - CMSIS Pack Vendor :STMicroelectronics USB_HOST 2.0.0
2023-12-17 09:47:22,976 [INFO] ThirdParty:1030 - CMSIS Pack Vendor :STMicroelectronics X-CUBE-AZRTOS-F4 1.1.0
2023-12-17 09:47:22,976 [INFO] ThirdParty:1030 - CMSIS Pack Vendor :STMicroelectronics LIBJPEG 8.0.0
2023-12-17 09:47:22,976 [INFO] ThirdParty:1030 - CMSIS Pack Vendor :wolfSSL I-CUBE-wolfSSL 5.6.4
2023-12-17 09:47:22,977 [INFO] ThirdParty:1030 - CMSIS Pack Vendor :STMicroelectronics X-CUBE-SMBUS 2.1.0
2023-12-17 09:47:22,977 [INFO] ThirdParty:1030 - CMSIS Pack Vendor :STMicroelectronics USB_DEVICE 3.0.0
2023-12-17 09:47:22,977 [INFO] ThirdParty:1030 - CMSIS Pack Vendor :STMicroelectronics X-CUBE-AZRTOS-WB 2.0.0
2023-12-17 09:47:22,977 [INFO] ThirdParty:1030 - CMSIS Pack Vendor :STMicroelectronics X-CUBE-TOUCHGFX 4.23.0
2023-12-17 09:47:22,977 [INFO] ThirdParty:1030 - CMSIS Pack Vendor :STMicroelectronics X-CUBE-AZRTOS-F7 1.1.0
2023-12-17 09:47:22,977 [INFO] ThirdParty:1030 - CMSIS Pack Vendor :STMicroelectronics X-CUBE-AZRTOS-L5 2.0.0
2023-12-17 09:47:22,977 [INFO] ThirdParty:1030 - CMSIS Pack Vendor :STMicroelectronics USB_DEVICE 2.0.0
2023-12-17 09:47:22,977 [INFO] ThirdParty:1030 - CMSIS Pack Vendor :STMicroelectronics X-CUBE-EEPRMA1 4.2.0
2023-12-17 09:47:22,977 [INFO] ThirdParty:1030 - CMSIS Pack Vendor :ITTIA_DB I-CUBE-ITTIADB 8.8.0
2023-12-17 09:47:22,977 [INFO] ThirdParty:1030 - CMSIS Pack Vendor :STMicroelectronics FP-SNS-MOTENV1 4.3.2
2023-12-17 09:47:22,977 [INFO] ThirdParty:1030 - CMSIS Pack Vendor :STMicroelectronics X-CUBE-ALGOBUILD 1.3.0
2023-12-17 09:47:22,977 [INFO] ThirdParty:1030 - CMSIS Pack Vendor :STMicroelectronics FreeRTOS 0.0.1
2023-12-17 09:47:22,977 [INFO] ThirdParty:1030 - CMSIS Pack Vendor :STMicroelectronics X-CUBE-AZRTOS-G0 1.1.0
2023-12-17 09:47:22,978 [INFO] ThirdParty:1030 - CMSIS Pack Vendor :STMicroelectronics X-CUBE-NFC4 3.0.0
2023-12-17 09:47:22,978 [INFO] ThirdParty:1030 - CMSIS Pack Vendor :STMicroelectronics X-CUBE-SUBG2 5.0.0
2023-12-17 09:47:22,978 [INFO] ThirdParty:1030 - CMSIS Pack Vendor :STMicroelectronics STM32_WPAN 1.0.0
2023-12-17 09:47:22,978 [INFO] ThirdParty:1030 - CMSIS Pack Vendor :STMicroelectronics lwIP 2.0.3
2023-12-17 09:47:22,978 [INFO] ThirdParty:1030 - CMSIS Pack Vendor :STMicroelectronics FP-SNS-FLIGHT1 5.0.2
2023-12-17 09:47:22,978 [INFO] ThirdParty:1030 - CMSIS Pack Vendor :STMicroelectronics USB_HOST 1.0.0
2023-12-17 09:47:22,978 [INFO] ThirdParty:1030 - CMSIS Pack Vendor :STMicroelectronics X-CUBE-AZRTOS-G4 2.0.0
2023-12-17 09:47:22,978 [INFO] ThirdParty:1030 - CMSIS Pack Vendor :STMicroelectronics PDM2PCM 3.1.0
2023-12-17 09:47:22,978 [INFO] ThirdParty:1030 - CMSIS Pack Vendor :Infineon AIROC-Wi-Fi-Bluetooth-STM32 1.5.1
2023-12-17 09:47:22,978 [INFO] ThirdParty:1030 - CMSIS Pack Vendor :STMicroelectronics X-CUBE-BLEMGR 3.0.0
2023-12-17 09:47:22,978 [INFO] ThirdParty:1030 - CMSIS Pack Vendor :STMicroelectronics PDM2PCM 3.3.0
2023-12-17 09:47:22,978 [INFO] ThirdParty:1030 - CMSIS Pack Vendor :STMicroelectronics X-CUBE-DISPLAY 3.0.0
2023-12-17 09:47:22,978 [INFO] ThirdParty:1030 - CMSIS Pack Vendor :STMicroelectronics FP-SNS-MOTENVWB1 1.3.1
2023-12-17 09:47:22,979 [INFO] ThirdParty:1030 - CMSIS Pack Vendor :STMicroelectronics X-CUBE-BLE1 7.0.0
2023-12-17 09:47:22,979 [INFO] ThirdParty:1030 - CMSIS Pack Vendor :STMicroelectronics FP-ATR-SIGFOX1 3.2.0
2023-12-17 09:47:22,979 [INFO] ThirdParty:1030 - CMSIS Pack Vendor :STMicroelectronics X-CUBE-ISPU 2.0.0
2023-12-17 09:47:22,979 [INFO] ThirdParty:1030 - CMSIS Pack Vendor :STMicroelectronics HAL Drivers 0.0.0
2023-12-17 09:47:22,979 [INFO] ThirdParty:1030 - CMSIS Pack Vendor :STMicroelectronics MBEDTLS 2.16.2
2023-12-17 09:47:22,979 [INFO] ThirdParty:1030 - CMSIS Pack Vendor :emotas I-CUBE-CANOPEN 1.3.0
2023-12-17 09:47:22,979 [INFO] ThirdParty:1030 - CMSIS Pack Vendor :STMicroelectronics X-CUBE-MEMS1 10.0.0
2023-12-17 09:47:22,979 [INFO] ThirdParty:1030 - CMSIS Pack Vendor :STMicroelectronics X-CUBE-FREERTOS 1.1.0
2023-12-17 09:47:22,979 [INFO] ThirdParty:1030 - CMSIS Pack Vendor :STMicroelectronics X-CUBE-NFC7 1.0.1
2023-12-17 09:47:22,980 [INFO] ThirdParty:1030 - CMSIS Pack Vendor :STMicroelectronics MBEDTLS 2.14.1
2023-12-17 09:47:22,980 [INFO] ThirdParty:1030 - CMSIS Pack Vendor :STMicroelectronics X-CUBE-TOUCHGFX 4.22.1
2023-12-17 09:47:22,980 [INFO] ThirdParty:1030 - CMSIS Pack Vendor :STMicroelectronics X-CUBE-NFC6 3.0.0
2023-12-17 09:47:22,980 [INFO] ThirdParty:1030 - CMSIS Pack Vendor :portGmbH I-Cube-SoM-uGOAL 1.1.0
2023-12-17 09:47:22,980 [INFO] ThirdParty:1030 - CMSIS Pack Vendor :STMicroelectronics X-CUBE-ALS 1.0.1
2023-12-17 09:47:22,980 [INFO] ThirdParty:1030 - CMSIS Pack Vendor :STMicroelectronics ThreadX 1.0.0
2023-12-17 09:47:22,980 [INFO] ThirdParty:1030 - CMSIS Pack Vendor :STMicroelectronics FP-SNS-SMARTAG2 1.2.0
2023-12-17 09:47:22,980 [INFO] ThirdParty:1030 - CMSIS Pack Vendor :STMicroelectronics X-CUBE-AZRTOS-WL 2.0.0
2023-12-17 09:47:22,980 [INFO] ThirdParty:1030 - CMSIS Pack Vendor :STMicroelectronics USB_DEVICE 1.0.0
2023-12-17 09:47:22,981 [INFO] ThirdParty:1030 - CMSIS Pack Vendor :STMicroelectronics X-CUBE-AI 8.1.0
2023-12-17 09:47:22,981 [INFO] ThirdParty:1030 - CMSIS Pack Vendor :STMicroelectronics X-CUBE-AZRTOS-L4 2.0.0
2023-12-17 09:47:22,981 [INFO] ThirdParty:1030 - CMSIS Pack Vendor :STMicroelectronics ThreadX 0.0.2
2023-12-17 09:47:22,981 [INFO] ThirdParty:1030 - CMSIS Pack Vendor :WES I-CUBE-Cesium 1.3.0
2023-12-17 09:47:22,981 [INFO] ThirdParty:1030 - CMSIS Pack Vendor :STMicroelectronics FP-ATR-ASTRA1 2.0.0
2023-12-17 09:47:22,981 [INFO] ThirdParty:1030 - CMSIS Pack Vendor :STMicroelectronics lwIP 2.1.2
2023-12-17 09:47:22,981 [INFO] ThirdParty:1030 - CMSIS Pack Vendor :STMicroelectronics X-CUBE-SFXS2LP1 4.0.0
2023-12-17 09:47:22,982 [INFO] ThirdParty:1030 - CMSIS Pack Vendor :STMicroelectronics X-CUBE-BLE2 3.3.0
2023-12-17 09:47:22,982 [INFO] ThirdParty:1030 - CMSIS Pack Vendor :STMicroelectronics X-CUBE-TOF1 3.4.0
2023-12-17 09:47:22,982 [INFO] ThirdParty:1030 - CMSIS Pack Vendor :STMicroelectronics X-CUBE-AZRTOS-H7 3.2.0
2023-12-17 09:47:22,982 [INFO] ThirdParty:1030 - CMSIS Pack Vendor :STMicroelectronics PDM2PCM 3.2.0
2023-12-17 09:47:22,982 [INFO] ThirdParty:841 - exiting critical section [change project]
2023-12-17 09:47:24,882 [INFO] PinOutPanel:1499 - setPackage(No Configuration,No Configuration)
2023-12-17 09:47:24,886 [INFO] PinOutPanel:1499 - setPackage(STM32F103C6Tx,LQFP48)
2023-12-17 09:47:24,919 [ERROR] LogOutputStream:75 - [STDERR_REDIRECT] SLF4J: Failed to load class "org.slf4j.impl.StaticLoggerBinder".
2023-12-17 09:47:24,920 [ERROR] LogOutputStream:75 - [STDERR_REDIRECT] SLF4J: Defaulting to no-operation (NOP) logger implementation
2023-12-17 09:47:24,925 [ERROR] LogOutputStream:75 - [STDERR_REDIRECT] SLF4J: See http://www.slf4j.org/codes.html#StaticLoggerBinder for further details.
2023-12-17 09:47:26,587 [INFO] UtilMem:75 - Before build in PCC Used Memory: 213980800 Bytes (288358400)
2023-12-17 09:47:30,263 [INFO] UtilMem:75 - After build in PCC Used Memory: 239371808 Bytes (487587840)
2023-12-17 09:47:30,407 [INFO] IPUIPlugin:80 - create IPUIPlugin
2023-12-17 09:47:30,408 [INFO] IPUIPlugin:80 - create IPUIPlugin
2023-12-17 09:47:30,408 [INFO] IPUIPlugin:80 - create IPUIPlugin
2023-12-17 09:47:30,409 [INFO] IPUIPlugin:80 - create IPUIPlugin
2023-12-17 09:47:30,409 [INFO] IPUIPlugin:80 - create IPUIPlugin
2023-12-17 09:47:30,409 [INFO] IPUIPlugin:80 - create IPUIPlugin
2023-12-17 09:47:30,409 [INFO] IPUIPlugin:80 - create IPUIPlugin
2023-12-17 09:47:30,410 [INFO] IPUIPlugin:80 - create IPUIPlugin
2023-12-17 09:47:30,410 [INFO] IPUIPlugin:80 - create IPUIPlugin
2023-12-17 09:47:30,411 [INFO] IPUIPlugin:80 - create IPUIPlugin
2023-12-17 09:47:30,411 [INFO] IPUIPlugin:80 - create IPUIPlugin
2023-12-17 09:47:30,412 [INFO] IPUIPlugin:80 - create IPUIPlugin
2023-12-17 09:47:30,413 [INFO] IPUIPlugin:80 - create IPUIPlugin
2023-12-17 09:47:30,414 [INFO] IPUIPlugin:80 - create IPUIPlugin
2023-12-17 09:47:30,414 [INFO] IPUIPlugin:80 - create IPUIPlugin
2023-12-17 09:47:30,415 [INFO] IPUIPlugin:80 - create IPUIPlugin
2023-12-17 09:47:30,415 [INFO] IPUIPlugin:80 - create IPUIPlugin
2023-12-17 09:47:30,416 [INFO] IPUIPlugin:80 - create IPUIPlugin
2023-12-17 09:47:30,416 [INFO] IPUIPlugin:80 - create IPUIPlugin
2023-12-17 09:47:30,417 [INFO] IPUIPlugin:80 - create IPUIPlugin
2023-12-17 09:47:30,418 [INFO] IPUIPlugin:80 - create IPUIPlugin
2023-12-17 09:47:30,419 [INFO] IPUIPlugin:80 - create IPUIPlugin
2023-12-17 09:47:30,420 [INFO] IPUIPlugin:80 - create IPUIPlugin
2023-12-17 09:47:30,946 [INFO] CADModel:165 - CPN selected for project levelSTM32F103C6T6A
2023-12-17 09:47:30,946 [INFO] CADModel:114 - Register for checkConnection events
2023-12-17 09:47:31,014 [INFO] OpenFileManager:343 - Restore cursor
2023-12-17 10:39:04,430 [ERROR] LogOutputStream:75 - [STDERR_REDIRECT] 
2023-12-17 11:01:44,541 [INFO] Activator:176 - 


2023-12-17 11:01:44,546 [INFO] Activator:177 - !SESSION log4j initialized
2023-12-17 11:01:54,414 [INFO] LogOutputStream:77 - [STDOUT_REDIRECT] 
2023-12-17 11:01:56,599 [INFO] ApplicationProperties:184 - Using Application install path: D:\hocviec\download\STM32CubeIDE_1.14.0\STM32CubeIDE\plugins\com.st.stm32cube.common.mx_6.10.0.202311202037
2023-12-17 11:01:56,638 [INFO] DbMcusXml:78 - Set database path to: D:\hocviec\download\STM32CubeIDE_1.14.0\STM32CubeIDE\plugins\com.st.stm32cube.common.mx_6.10.0.202311202037\\db\/mcu/
2023-12-17 11:01:56,639 [INFO] ApiDb:274 - Set plugin database path to: D:\hocviec\download\STM32CubeIDE_1.14.0\STM32CubeIDE\plugins\com.st.stm32cube.common.mx_6.10.0.202311202037\\db\/plugins/boardmanager/
2023-12-17 11:01:56,639 [WARN] ApiDb:259 - Overriding images path with different value:  => D:\hocviec\download\STM32CubeIDE_1.14.0\STM32CubeIDE\plugins\com.st.stm32cube.common.mx_6.10.0.202311202037\\db\/plugins/mcufinder/images/
2023-12-17 11:01:56,657 [INFO] ApiDb:250 - Set database path to: C:\Users\Admin\.stmcufinder\plugins\mcufinder//mcu/
2023-12-17 11:01:56,660 [INFO] DbMcusAds:125 - Set database path to: C:\Users\Admin\.stmcufinder\plugins\mcufinder//mcu/
2023-12-17 11:01:56,664 [INFO] CrossReferenceDbSqlite:203 - Set database path to: C:\Users\Admin\.stmcufinder\plugins\mcufinder//mcu/cs/
2023-12-17 11:01:56,933 [INFO] RulesReader:64 - Compatibility file has been processed (297 Rules)
2023-12-17 11:01:57,126 [INFO] DbMcusXml:78 - Set database path to: D:\hocviec\download\STM32CubeIDE_1.14.0\STM32CubeIDE\plugins\com.st.stm32cube.common.mx_6.10.0.202311202037\\db\/mcu/
2023-12-17 11:01:57,126 [INFO] ApiDb:274 - Set plugin database path to: D:\hocviec\download\STM32CubeIDE_1.14.0\STM32CubeIDE\plugins\com.st.stm32cube.common.mx_6.10.0.202311202037\\db\/plugins/boardmanager/
2023-12-17 11:01:57,127 [INFO] ApiDb:261 - Set plugin images path to: D:\hocviec\download\STM32CubeIDE_1.14.0\STM32CubeIDE\plugins\com.st.stm32cube.common.mx_6.10.0.202311202037\\db\/plugins/mcufinder/images/
2023-12-17 11:01:57,127 [WARN] DbFile:41 - Overriding database path with different value: C:\Users\Admin\.stmcufinder\plugins\mcufinder/ => C:\Users\Admin\.stmcufinder\plugins\mcufinder
2023-12-17 11:01:57,127 [INFO] ApiDb:250 - Set database path to: C:\Users\Admin\.stmcufinder\plugins\mcufinder//mcu/
2023-12-17 11:01:57,127 [WARN] DbFile:41 - Overriding database path with different value: C:\Users\Admin\.stmcufinder\plugins\mcufinder/ => C:\Users\Admin\.stmcufinder\plugins\mcufinder
2023-12-17 11:01:57,128 [INFO] DbMcusAds:125 - Set database path to: C:\Users\Admin\.stmcufinder\plugins\mcufinder//mcu/
2023-12-17 11:01:57,128 [WARN] DbFile:41 - Overriding database path with different value: C:\Users\Admin\.stmcufinder\plugins\mcufinder/ => C:\Users\Admin\.stmcufinder\plugins\mcufinder
2023-12-17 11:01:57,128 [WARN] DbFile:41 - Overriding database path with different value: C:\Users\Admin\.stmcufinder\plugins\mcufinder/ => C:\Users\Admin\.stmcufinder\plugins\mcufinder
2023-12-17 11:01:57,128 [INFO] CrossReferenceDbSqlite:203 - Set database path to: C:\Users\Admin\.stmcufinder\plugins\mcufinder//mcu/cs/
2023-12-17 11:01:57,293 [INFO] MainPanel:264 - HeapMemory: 268435456
2023-12-17 11:01:57,512 [INFO] DbMcusXml:78 - Set database path to: D:\hocviec\download\STM32CubeIDE_1.14.0\STM32CubeIDE\plugins\com.st.stm32cube.common.mx_6.10.0.202311202037\\db\/mcu/
2023-12-17 11:01:57,513 [INFO] ApiDb:274 - Set plugin database path to: D:\hocviec\download\STM32CubeIDE_1.14.0\STM32CubeIDE\plugins\com.st.stm32cube.common.mx_6.10.0.202311202037\\db\/plugins/boardmanager/
2023-12-17 11:01:57,513 [INFO] ApiDb:261 - Set plugin images path to: D:\hocviec\download\STM32CubeIDE_1.14.0\STM32CubeIDE\plugins\com.st.stm32cube.common.mx_6.10.0.202311202037\\db\/plugins/mcufinder/images/
2023-12-17 11:01:57,514 [WARN] DbFile:41 - Overriding database path with different value: C:\Users\Admin\.stmcufinder\plugins\mcufinder/ => C:\Users\Admin\.stmcufinder\plugins\mcufinder
2023-12-17 11:01:57,514 [INFO] ApiDb:250 - Set database path to: C:\Users\Admin\.stmcufinder\plugins\mcufinder//mcu/
2023-12-17 11:01:57,514 [WARN] DbFile:41 - Overriding database path with different value: C:\Users\Admin\.stmcufinder\plugins\mcufinder/ => C:\Users\Admin\.stmcufinder\plugins\mcufinder
2023-12-17 11:01:57,514 [INFO] DbMcusAds:125 - Set database path to: C:\Users\Admin\.stmcufinder\plugins\mcufinder//mcu/
2023-12-17 11:01:57,514 [WARN] DbFile:41 - Overriding database path with different value: C:\Users\Admin\.stmcufinder\plugins\mcufinder/ => C:\Users\Admin\.stmcufinder\plugins\mcufinder
2023-12-17 11:01:57,515 [WARN] DbFile:41 - Overriding database path with different value: C:\Users\Admin\.stmcufinder\plugins\mcufinder/ => C:\Users\Admin\.stmcufinder\plugins\mcufinder
2023-12-17 11:01:57,515 [INFO] CrossReferenceDbSqlite:203 - Set database path to: C:\Users\Admin\.stmcufinder\plugins\mcufinder//mcu/cs/
2023-12-17 11:01:57,556 [INFO] ApplicationProperties:184 - Using Application install path: D:\hocviec\download\STM32CubeIDE_1.14.0\STM32CubeIDE\plugins\com.st.stm32cube.common.mx_6.10.0.202311202037
2023-12-17 11:01:57,560 [INFO] PluginManage:196 - Search for loadable plugins [exclusion list=, ]
2023-12-17 11:01:57,563 [INFO] PluginManage:310 - Check plugin analytics
2023-12-17 11:01:57,853 [INFO] AnalyticsPlugin:253 - Accepted Software Licenses: 
2023-12-17 11:01:57,854 [INFO] AnalyticsPlugin:255 - Accepted CMSIS Pack Licenses: 
2023-12-17 11:01:57,854 [INFO] AnalyticsPlugin:257 - Accepted Firmware Licenses: 
2023-12-17 11:01:57,860 [INFO] PluginManage:359 - Loaded plugin analytics (category:tool,tabindex:-1)
2023-12-17 11:01:57,860 [INFO] PluginManage:310 - Check plugin cadmodel
2023-12-17 11:01:57,870 [INFO] CADModel:105 - Init CAD model plugin
2023-12-17 11:01:57,871 [INFO] PluginManage:359 - Loaded plugin cadmodel (category:power,tabindex:5)
2023-12-17 11:01:57,871 [INFO] PluginManage:310 - Check plugin clock
2023-12-17 11:01:57,893 [INFO] PluginManage:359 - Loaded plugin clock (category:base,tabindex:2)
2023-12-17 11:01:57,893 [INFO] PluginManage:310 - Check plugin ddr
2023-12-17 11:01:57,898 [INFO] PluginManage:359 - Loaded plugin ddr (category:tool,tabindex:6)
2023-12-17 11:01:57,898 [INFO] PluginManage:310 - Check plugin filemanager
2023-12-17 11:01:58,150 [INFO] PluginManage:359 - Loaded plugin filemanager (category:base,tabindex:10)
2023-12-17 11:01:58,151 [INFO] PluginManage:310 - Check plugin ipmanager
2023-12-17 11:01:58,162 [INFO] PluginManage:359 - Loaded plugin ipmanager (category:base,tabindex:5)
2023-12-17 11:01:58,162 [INFO] PluginManage:310 - Check plugin lpbam
2023-12-17 11:01:58,175 [INFO] PluginManage:359 - Loaded plugin lpbam (category:base,tabindex:0)
2023-12-17 11:01:58,175 [INFO] PluginManage:310 - Check plugin memorymap
2023-12-17 11:01:58,196 [INFO] PluginManage:359 - Loaded plugin memorymap (category:base,tabindex:4)
2023-12-17 11:01:58,196 [INFO] PluginManage:310 - Check plugin pinoutandconfiguration
2023-12-17 11:01:58,210 [INFO] PluginManage:359 - Loaded plugin pinoutandconfiguration (category:base,tabindex:1)
2023-12-17 11:01:58,210 [INFO] PluginManage:310 - Check plugin pinoutconfig
2023-12-17 11:01:58,352 [WARN] SupportedApi:132 - Cannot load RTOS API schema: s4s-elt-must-match.1: The content of 'definitions' must match (annotation?, (simpleType | complexType)?, (unique | key | keyref)*)). A problem was found starting at: attribute.
2023-12-17 11:01:58,603 [INFO] PluginManage:359 - Loaded plugin pinoutconfig (category:base,tabindex:0)
2023-12-17 11:01:58,603 [INFO] PluginManage:310 - Check plugin power
2023-12-17 11:01:58,626 [INFO] PluginManage:359 - Loaded plugin power (category:power,tabindex:4)
2023-12-17 11:01:58,626 [INFO] PluginManage:310 - Check plugin projectmanager
2023-12-17 11:01:58,664 [INFO] PluginManage:359 - Loaded plugin projectmanager (category:projectmanager,tabindex:3)
2023-12-17 11:01:58,664 [INFO] PluginManage:310 - Check plugin thirdparty
2023-12-17 11:01:58,964 [INFO] PluginManage:359 - Loaded plugin thirdparty (category:base,tabindex:-1)
2023-12-17 11:01:58,965 [INFO] PluginManage:310 - Check plugin tools
2023-12-17 11:01:58,964 [WARN] IntegrityCheckThread:84 - waiting for thirdparty lock release [integrity check]
2023-12-17 11:01:58,966 [INFO] IntegrityCheckThread:86 - entering critical section [integrity check]
2023-12-17 11:01:58,968 [INFO] ThirdPartyUpdaterWithRetryManager:70 - Updater plugin not ready yet. [1/15]
2023-12-17 11:01:58,970 [INFO] PluginManage:359 - Loaded plugin tools (category:base,tabindex:7)
2023-12-17 11:01:58,970 [INFO] PluginManage:310 - Check plugin tutovideos
2023-12-17 11:01:59,302 [INFO] PluginManage:359 - Loaded plugin tutovideos (category:base,tabindex:-1)
2023-12-17 11:01:59,303 [INFO] PluginManage:310 - Check plugin updater
2023-12-17 11:01:59,325 [INFO] PluginManage:359 - Loaded plugin updater (category:base,tabindex:12)
2023-12-17 11:01:59,325 [INFO] PluginManage:310 - Check plugin userauth
2023-12-17 11:01:59,335 [INFO] UserAuth:114 - Init User Auth plugin
2023-12-17 11:01:59,336 [INFO] PluginManage:359 - Loaded plugin userauth (category:base,tabindex:14)
2023-12-17 11:01:59,337 [INFO] PluginManage:283 - PluginManage : Loaded plugins [17]
2023-12-17 11:01:59,726 [INFO] PinOutPanel:1499 - setPackage(No Configuration,No Configuration)
2023-12-17 11:01:59,855 [INFO] CADModel:165 - CPN selected for project level
2023-12-17 11:01:59,855 [INFO] CADModel:114 - Register for checkConnection events
2023-12-17 11:01:59,884 [INFO] IPUIPlugin:80 - create IPUIPlugin
2023-12-17 11:01:59,884 [INFO] PluginManager:220 - loadIPPluginJar : add adc
2023-12-17 11:01:59,888 [INFO] IPUIPlugin:80 - create IPUIPlugin
2023-12-17 11:01:59,889 [INFO] PluginManager:220 - loadIPPluginJar : add aes
2023-12-17 11:01:59,893 [INFO] IPUIPlugin:80 - create IPUIPlugin
2023-12-17 11:01:59,893 [INFO] PluginManager:220 - loadIPPluginJar : add can
2023-12-17 11:01:59,896 [INFO] IPUIPlugin:80 - create IPUIPlugin
2023-12-17 11:01:59,897 [INFO] PluginManager:220 - loadIPPluginJar : add comp
2023-12-17 11:01:59,902 [INFO] IPUIPlugin:80 - create IPUIPlugin
2023-12-17 11:01:59,902 [INFO] PluginManager:220 - loadIPPluginJar : add cryp
2023-12-17 11:01:59,907 [INFO] IPUIPlugin:80 - create IPUIPlugin
2023-12-17 11:01:59,907 [INFO] PluginManager:220 - loadIPPluginJar : add dfsdm
2023-12-17 11:01:59,919 [INFO] IPUIPlugin:80 - create IPUIPlugin
2023-12-17 11:01:59,919 [INFO] PluginManager:220 - loadIPPluginJar : add dma
2023-12-17 11:01:59,923 [INFO] IPUIPlugin:80 - create IPUIPlugin
2023-12-17 11:01:59,924 [INFO] PluginManager:220 - loadIPPluginJar : add dma3
2023-12-17 11:01:59,926 [INFO] IPUIPlugin:80 - create IPUIPlugin
2023-12-17 11:01:59,926 [INFO] PluginManager:220 - loadIPPluginJar : add fatfs
2023-12-17 11:01:59,933 [INFO] IPUIPlugin:80 - create IPUIPlugin
2023-12-17 11:01:59,933 [INFO] PluginManager:220 - loadIPPluginJar : add fmc
2023-12-17 11:01:59,942 [INFO] IPUIPlugin:80 - create IPUIPlugin
2023-12-17 11:01:59,942 [INFO] PluginManager:220 - loadIPPluginJar : add freertos
2023-12-17 11:01:59,972 [INFO] IPUIPlugin:80 - create IPUIPlugin
2023-12-17 11:01:59,972 [INFO] PluginManager:220 - loadIPPluginJar : add genericplugin
2023-12-17 11:01:59,976 [INFO] IPUIPlugin:80 - create IPUIPlugin
2023-12-17 11:01:59,977 [INFO] PluginManager:220 - loadIPPluginJar : add gfxmmu
2023-12-17 11:01:59,983 [INFO] IPUIPlugin:80 - create IPUIPlugin
2023-12-17 11:01:59,983 [INFO] PluginManager:220 - loadIPPluginJar : add gic
2023-12-17 11:01:59,989 [INFO] IPUIPlugin:80 - create IPUIPlugin
2023-12-17 11:01:59,990 [INFO] PluginManager:220 - loadIPPluginJar : add gpio
2023-12-17 11:01:59,994 [INFO] IPUIPlugin:80 - create IPUIPlugin
2023-12-17 11:01:59,994 [INFO] PluginManager:220 - loadIPPluginJar : add gtzc
2023-12-17 11:01:59,997 [INFO] IPUIPlugin:80 - create IPUIPlugin
2023-12-17 11:01:59,998 [INFO] PluginManager:220 - loadIPPluginJar : add hash
2023-12-17 11:02:00,002 [INFO] IPUIPlugin:80 - create IPUIPlugin
2023-12-17 11:02:00,002 [INFO] PluginManager:220 - loadIPPluginJar : add i2c
2023-12-17 11:02:00,008 [INFO] IPUIPlugin:80 - create IPUIPlugin
2023-12-17 11:02:00,008 [INFO] PluginManager:220 - loadIPPluginJar : add i2s
2023-12-17 11:02:00,014 [INFO] IPUIPlugin:80 - create IPUIPlugin
2023-12-17 11:02:00,014 [INFO] PluginManager:220 - loadIPPluginJar : add i3c
2023-12-17 11:02:00,021 [INFO] IPUIPlugin:80 - create IPUIPlugin
2023-12-17 11:02:00,021 [INFO] PluginManager:220 - loadIPPluginJar : add ipddr
2023-12-17 11:02:00,035 [INFO] IPUIPlugin:80 - create IPUIPlugin
2023-12-17 11:02:00,035 [INFO] PluginManager:220 - loadIPPluginJar : add linkedlist
2023-12-17 11:02:00,041 [INFO] IPUIPlugin:80 - create IPUIPlugin
2023-12-17 11:02:00,042 [INFO] PluginManager:220 - loadIPPluginJar : add lorawan
2023-12-17 11:02:00,045 [INFO] IPUIPlugin:80 - create IPUIPlugin
2023-12-17 11:02:00,045 [INFO] PluginManager:220 - loadIPPluginJar : add ltdc
2023-12-17 11:02:00,057 [INFO] IPUIPlugin:80 - create IPUIPlugin
2023-12-17 11:02:00,057 [INFO] PluginManager:220 - loadIPPluginJar : add mdma
2023-12-17 11:02:00,065 [INFO] IPUIPlugin:80 - create IPUIPlugin
2023-12-17 11:02:00,065 [INFO] PluginManager:220 - loadIPPluginJar : add nvic
2023-12-17 11:02:00,071 [INFO] IPUIPlugin:80 - create IPUIPlugin
2023-12-17 11:02:00,072 [INFO] PluginManager:220 - loadIPPluginJar : add opamp
2023-12-17 11:02:00,078 [INFO] IPUIPlugin:80 - create IPUIPlugin
2023-12-17 11:02:00,079 [INFO] PluginManager:220 - loadIPPluginJar : add openamp
2023-12-17 11:02:00,085 [INFO] IPUIPlugin:80 - create IPUIPlugin
2023-12-17 11:02:00,085 [INFO] PluginManager:220 - loadIPPluginJar : add pdm2pcm
2023-12-17 11:02:00,111 [INFO] IPUIPlugin:80 - create IPUIPlugin
2023-12-17 11:02:00,117 [INFO] PluginManager:220 - loadIPPluginJar : add plateformsettings
2023-12-17 11:02:00,126 [INFO] IPUIPlugin:80 - create IPUIPlugin
2023-12-17 11:02:00,126 [INFO] PluginManager:220 - loadIPPluginJar : add quadspi
2023-12-17 11:02:00,134 [INFO] IPUIPlugin:80 - create IPUIPlugin
2023-12-17 11:02:00,134 [INFO] PluginManager:220 - loadIPPluginJar : add resmgrutility
2023-12-17 11:02:00,140 [INFO] IPUIPlugin:80 - create IPUIPlugin
2023-12-17 11:02:00,140 [INFO] PluginManager:220 - loadIPPluginJar : add sai
2023-12-17 11:02:00,145 [INFO] IPUIPlugin:80 - create IPUIPlugin
2023-12-17 11:02:00,146 [INFO] PluginManager:220 - loadIPPluginJar : add spi
2023-12-17 11:02:00,155 [INFO] IPUIPlugin:80 - create IPUIPlugin
2023-12-17 11:02:00,155 [INFO] PluginManager:220 - loadIPPluginJar : add stm32_wpan
2023-12-17 11:02:00,159 [INFO] IPUIPlugin:80 - create IPUIPlugin
2023-12-17 11:02:00,159 [INFO] PluginManager:220 - loadIPPluginJar : add tim
2023-12-17 11:02:00,166 [INFO] IPUIPlugin:80 - create IPUIPlugin
2023-12-17 11:02:00,167 [INFO] PluginManager:220 - loadIPPluginJar : add touchsensing
2023-12-17 11:02:00,170 [INFO] IPUIPlugin:80 - create IPUIPlugin
2023-12-17 11:02:00,171 [INFO] PluginManager:220 - loadIPPluginJar : add tracer_emb
2023-12-17 11:02:00,175 [INFO] IPUIPlugin:80 - create IPUIPlugin
2023-12-17 11:02:00,175 [INFO] PluginManager:220 - loadIPPluginJar : add ts
2023-12-17 11:02:00,179 [INFO] IPUIPlugin:80 - create IPUIPlugin
2023-12-17 11:02:00,179 [INFO] PluginManager:220 - loadIPPluginJar : add tsc
2023-12-17 11:02:00,183 [INFO] IPUIPlugin:80 - create IPUIPlugin
2023-12-17 11:02:00,184 [INFO] PluginManager:220 - loadIPPluginJar : add ucpd
2023-12-17 11:02:00,189 [INFO] IPUIPlugin:80 - create IPUIPlugin
2023-12-17 11:02:00,190 [INFO] PluginManager:220 - loadIPPluginJar : add usart
2023-12-17 11:02:00,196 [INFO] IPUIPlugin:80 - create IPUIPlugin
2023-12-17 11:02:00,196 [INFO] PluginManager:220 - loadIPPluginJar : add usbx
2023-12-17 11:02:00,401 [INFO] CADModel:165 - CPN selected for project level
2023-12-17 11:02:00,401 [INFO] CADModel:114 - Register for checkConnection events
2023-12-17 11:02:00,401 [FATAL] Updater:308 - Updater called before beeing initialized
2023-12-17 11:02:00,401 [ERROR] CADModel:125 - Updater not yet initialized, retry later 
2023-12-17 11:02:00,610 [INFO] CADModel:165 - CPN selected for project level
2023-12-17 11:02:00,610 [INFO] CADModel:114 - Register for checkConnection events
2023-12-17 11:02:00,610 [FATAL] Updater:308 - Updater called before beeing initialized
2023-12-17 11:02:00,610 [ERROR] CADModel:125 - Updater not yet initialized, retry later 
2023-12-17 11:02:00,615 [FATAL] Updater:308 - Updater called before beeing initialized
2023-12-17 11:02:00,819 [FATAL] Updater:308 - Updater called before beeing initialized
2023-12-17 11:02:00,827 [INFO] DbMcusAds:53 - JSON generation date=Wed Nov 29 17:52:27 ICT 2023 (1701255147349)
2023-12-17 11:02:00,828 [FATAL] Updater:308 - Updater called before beeing initialized
2023-12-17 11:02:00,900 [WARN] DetailPanel:346 - Failed to get advertising image, set to default
2023-12-17 11:02:01,045 [FATAL] Updater:308 - Updater called before beeing initialized
2023-12-17 11:02:01,048 [FATAL] Updater:308 - Updater called before beeing initialized
2023-12-17 11:02:01,048 [FATAL] Updater:308 - Updater called before beeing initialized
2023-12-17 11:02:01,048 [WARN] DetailPanel:346 - Failed to get advertising image, set to default
2023-12-17 11:02:01,050 [FATAL] Updater:308 - Updater called before beeing initialized
2023-12-17 11:02:01,142 [ERROR] Updater:1120 - MainUpdater not yet initialized. External WinMGr cannot be set.
2023-12-17 11:02:01,146 [INFO] Updater:1056 - Updater Version found : 6.10.0
2023-12-17 11:02:01,175 [INFO] ApplicationProperties:184 - Using Application install path: D:\hocviec\download\STM32CubeIDE_1.14.0\STM32CubeIDE\plugins\com.st.stm32cube.common.mx_6.10.0.202311202037
2023-12-17 11:02:01,697 [INFO] MainUpdater:2873 - connection check result : 10
2023-12-17 11:02:01,699 [INFO] MainUpdater:290 - Updater Check For Update Now.
2023-12-17 11:02:01,699 [INFO] MicroXplorer:498 - Change Database Version : DB.6.0.100
2023-12-17 11:02:01,709 [INFO] McuFinderGlobals:63 - Set McuFinder mode to 2 (CubeIDE integrated)
2023-12-17 11:02:01,969 [WARN] MainUpdater:1194 - Updater busy. Cannot search thirdparties
2023-12-17 11:02:01,969 [INFO] ThirdPartyUpdaterWithRetryManager:96 - Updater plugin is busy. [1/15]
2023-12-17 11:02:02,009 [INFO] CheckServerUpdateThread:120 - End of CheckServer Thread
2023-12-17 11:02:02,054 [INFO] UserAuth:404 - Internet connection configuration mode: 1
2023-12-17 11:02:02,077 [INFO] JxBrowserEngine:152 - Initiate JxBrowser Engine with user profile folder
2023-12-17 11:02:03,721 [INFO] WebApp:161 - Instantiating new browser for Auth
2023-12-17 11:02:04,715 [INFO] WebApp:780 - Register for checkConnection events
2023-12-17 11:02:04,715 [INFO] WebApp:414 - Apply proxy settings
2023-12-17 11:02:04,716 [INFO] WebApp:499 - Chromium requires no authentication
2023-12-17 11:02:04,729 [INFO] WebApp:442 - Direct internet connection detected
2023-12-17 11:02:05,127 [INFO] WebApp:192 - Starting web application
2023-12-17 11:02:05,128 [INFO] WebApp:544 - Web application path used D:\hocviec\download\STM32CubeIDE_1.14.0\STM32CubeIDE\plugins\com.st.stm32cube.common.mx_6.10.0.202311202037\db\plugins\mcufinder\reactClient1\index.html
2023-12-17 11:02:05,486 [WARN] PackLoader:240 - Cannot read IP mode file for STMicroelectronics.X-CUBE-SMBUS.2.1.0
2023-12-17 11:02:05,504 [WARN] PackLoader:240 - Cannot read IP mode file for STMicroelectronics.X-CUBE-TOUCHGFX.4.23.0
2023-12-17 11:02:05,616 [WARN] PackLoader:240 - Cannot read IP mode file for STMicroelectronics.X-CUBE-AZRTOS-F7.1.1.0
2023-12-17 11:02:05,645 [WARN] PackLoader:240 - Cannot read IP mode file for STMicroelectronics.FP-SNS-MOTENV1.4.3.2
2023-12-17 11:02:05,663 [WARN] PackLoader:240 - Cannot read IP mode file for STMicroelectronics.FP-SNS-FLIGHT1.5.0.2
2023-12-17 11:02:05,686 [WARN] PackLoader:240 - Cannot read IP mode file for STMicroelectronics.X-CUBE-DISPLAY.3.0.0
2023-12-17 11:02:05,738 [WARN] PackLoader:240 - Cannot read IP mode file for STMicroelectronics.X-CUBE-BLE1.7.0.0
2023-12-17 11:02:05,752 [WARN] PackLoader:240 - Cannot read IP mode file for emotas.I-CUBE-CANOPEN.1.3.0
2023-12-17 11:02:05,760 [WARN] PackLoader:240 - Cannot read IP mode file for STMicroelectronics.X-CUBE-TOUCHGFX.4.22.1
2023-12-17 11:02:05,770 [WARN] PackLoader:240 - Cannot read IP mode file for STMicroelectronics.FP-SNS-SMARTAG2.1.2.0
2023-12-17 11:02:05,803 [INFO] LogOutputStream:77 - [STDOUT_REDIRECT] 1 : Invalid condition id : UX_CORESTACK_Condition cause : null
2023-12-17 11:02:05,804 [INFO] LogOutputStream:77 - [STDOUT_REDIRECT] 1 : Invalid condition id : UX_CORESTACK_Condition cause : null
2023-12-17 11:02:05,808 [INFO] LogOutputStream:77 - [STDOUT_REDIRECT] 1 : Invalid condition id : UX_CORESTACK_Condition cause : null
2023-12-17 11:02:05,814 [INFO] LogOutputStream:77 - [STDOUT_REDIRECT] 1 : Invalid condition id : UX_CORESTACK_Condition cause : null
2023-12-17 11:02:05,817 [INFO] LogOutputStream:77 - [STDOUT_REDIRECT] 1 : Invalid condition id : UX_CORESTACK_Condition cause : null
2023-12-17 11:02:05,831 [WARN] PackLoader:240 - Cannot read IP mode file for STMicroelectronics.X-CUBE-AZRTOS-WL.2.0.0
2023-12-17 11:02:05,854 [WARN] PackLoader:240 - Cannot read IP mode file for WES.I-CUBE-Cesium.1.3.0
2023-12-17 11:02:05,868 [WARN] PackLoader:240 - Cannot read IP mode file for STMicroelectronics.X-CUBE-BLE2.3.3.0
2023-12-17 11:02:05,886 [WARN] PackLoader:240 - Cannot read IP mode file for STMicroelectronics.X-CUBE-ALGOBUILD.1.3.0
2023-12-17 11:02:05,943 [WARN] PackLoader:240 - Cannot read IP mode file for STMicroelectronics.X-CUBE-AZRTOS-G0.1.1.0
2023-12-17 11:02:05,963 [WARN] PackLoader:240 - Cannot read IP mode file for STMicroelectronics.X-CUBE-NFC4.3.0.0
2023-12-17 11:02:05,992 [WARN] PackLoader:240 - Cannot read IP mode file for STMicroelectronics.X-CUBE-BLEMGR.3.0.0
2023-12-17 11:02:06,008 [WARN] PackLoader:240 - Cannot read IP mode file for STMicroelectronics.FP-ATR-SIGFOX1.3.2.0
2023-12-17 11:02:06,019 [WARN] PackLoader:240 - Cannot read IP mode file for STMicroelectronics.X-CUBE-GNSS1.6.0.0
2023-12-17 11:02:06,068 [WARN] PackLoader:240 - Cannot read IP mode file for STMicroelectronics.X-CUBE-AZRTOS-F4.1.1.0
2023-12-17 11:02:06,085 [WARN] PackLoader:240 - Cannot read IP mode file for wolfSSL.I-CUBE-wolfSSL.5.6.4
2023-12-17 11:02:06,139 [WARN] PackLoader:240 - Cannot read IP mode file for STMicroelectronics.X-CUBE-AZRTOS-L5.2.0.0
2023-12-17 11:02:06,195 [WARN] PackLoader:240 - Cannot read IP mode file for STMicroelectronics.X-CUBE-EEPRMA1.4.2.0
2023-12-17 11:02:06,211 [WARN] PackLoader:240 - Cannot read IP mode file for ITTIA_DB.I-CUBE-ITTIADB.8.8.0
2023-12-17 11:02:06,227 [WARN] PackLoader:240 - Cannot read IP mode file for STMicroelectronics.X-CUBE-NFC7.1.0.1
2023-12-17 11:02:06,243 [WARN] PackLoader:240 - Cannot read IP mode file for STMicroelectronics.X-CUBE-NFC6.3.0.0
2023-12-17 11:02:06,258 [WARN] PackLoader:240 - Cannot read IP mode file for STMicroelectronics.X-CUBE-AI.8.1.0
2023-12-17 11:02:06,297 [WARN] ConditionMgr:438 - getConditionDescription Invalid condition id : LAN8742 Phy interface Condition cause : null
2023-12-17 11:02:06,334 [WARN] PackLoader:240 - Cannot read IP mode file for STMicroelectronics.X-CUBE-AZRTOS-L4.2.0.0
2023-12-17 11:02:06,337 [WARN] ConditionMgr:1039 - genDependencies : Invalid condition id : LAN8742 Phy interface Condition cause : null
2023-12-17 11:02:06,337 [WARN] ConditionMgr:1039 - genDependencies : Invalid condition id : LAN8742 Phy interface Condition cause : null
2023-12-17 11:02:06,339 [WARN] ConditionMgr:1039 - genDependencies : Invalid condition id : LAN8742 Phy interface Condition cause : null
2023-12-17 11:02:06,354 [WARN] PackLoader:240 - Cannot read IP mode file for STMicroelectronics.X-CUBE-SFXS2LP1.4.0.0
2023-12-17 11:02:06,381 [WARN] ConditionMgr:438 - getConditionDescription Invalid condition id : UX DEVICE CLASS RTOS Condition cause : null
2023-12-17 11:02:06,382 [WARN] ConditionMgr:438 - getConditionDescription Invalid condition id : UX DEVICE CLASS RTOS Condition cause : null
2023-12-17 11:02:06,387 [WARN] PackLoader:240 - Cannot read IP mode file for STMicroelectronics.X-CUBE-AZRTOS-WB.2.0.0
2023-12-17 11:02:06,389 [WARN] ConditionMgr:1039 - genDependencies : Invalid condition id : UX DEVICE CLASS RTOS Condition cause : null
2023-12-17 11:02:06,399 [WARN] ConditionMgr:1039 - genDependencies : Invalid condition id : UX DEVICE CLASS RTOS Condition cause : null
2023-12-17 11:02:06,401 [WARN] ConditionMgr:1039 - genDependencies : Invalid condition id : UX DEVICE CLASS RTOS Condition cause : null
2023-12-17 11:02:06,402 [WARN] ConditionMgr:1039 - genDependencies : Invalid condition id : UX DEVICE CLASS RTOS Condition cause : null
2023-12-17 11:02:06,402 [WARN] ConditionMgr:1039 - genDependencies : Invalid condition id : UX DEVICE CLASS RTOS Condition cause : null
2023-12-17 11:02:06,428 [WARN] PackLoader:240 - Cannot read IP mode file for STMicroelectronics.X-CUBE-SUBG2.5.0.0
2023-12-17 11:02:06,480 [WARN] PackLoader:240 - Cannot read IP mode file for STMicroelectronics.X-CUBE-AZRTOS-G4.2.0.0
2023-12-17 11:02:06,511 [WARN] PackLoader:240 - Cannot read IP mode file for Infineon.AIROC-Wi-Fi-Bluetooth-STM32.1.5.1
2023-12-17 11:02:06,528 [WARN] PackLoader:240 - Cannot read IP mode file for STMicroelectronics.FP-SNS-MOTENVWB1.1.3.1
2023-12-17 11:02:06,538 [WARN] PackLoader:240 - Cannot read IP mode file for STMicroelectronics.X-CUBE-ISPU.2.0.0
2023-12-17 11:02:06,627 [WARN] PackLoader:240 - Cannot read IP mode file for STMicroelectronics.X-CUBE-MEMS1.10.0.0
2023-12-17 11:02:07,039 [WARN] PackLoader:240 - Cannot read IP mode file for STMicroelectronics.X-CUBE-FREERTOS.1.1.0
2023-12-17 11:02:07,056 [WARN] PackLoader:240 - Cannot read IP mode file for portGmbH.I-Cube-SoM-uGOAL.1.1.0
2023-12-17 11:02:07,126 [WARN] PackLoader:240 - Cannot read IP mode file for STMicroelectronics.X-CUBE-ALS.1.0.1
2023-12-17 11:02:07,143 [WARN] PackLoader:240 - Cannot read IP mode file for STMicroelectronics.FP-ATR-ASTRA1.2.0.0
2023-12-17 11:02:07,166 [WARN] PackLoader:240 - Cannot read IP mode file for STMicroelectronics.X-CUBE-TOF1.3.4.0
2023-12-17 11:02:07,263 [WARN] PackLoader:240 - Cannot read IP mode file for STMicroelectronics.X-CUBE-AZRTOS-H7.3.2.0
2023-12-17 11:02:07,276 [INFO] ThirdParty:978 - Integrity check success = true
2023-12-17 11:02:07,276 [INFO] IntegrityCheckThread:100 - exiting critical section [integrity check]
2023-12-17 11:02:07,277 [INFO] IntegrityCheckThread:103 - End integrity checks thread
2023-12-17 11:02:26,636 [ERROR] LogOutputStream:75 - [STDERR_REDIRECT] SLF4J: Failed to load class "org.slf4j.impl.StaticLoggerBinder".
2023-12-17 11:02:26,637 [ERROR] LogOutputStream:75 - [STDERR_REDIRECT] SLF4J: Defaulting to no-operation (NOP) logger implementation
2023-12-17 11:02:26,640 [ERROR] LogOutputStream:75 - [STDERR_REDIRECT] SLF4J: See http://www.slf4j.org/codes.html#StaticLoggerBinder for further details.
2023-12-17 16:01:52,078 [INFO] McuFinderGlobals:63 - Set McuFinder mode to 2 (CubeIDE integrated)
2023-12-17 16:01:52,089 [INFO] MainUpdater:2873 - connection check result : 10
2023-12-17 16:01:52,091 [INFO] MainUpdater:2873 - connection check result : 10
2023-12-17 16:01:52,160 [INFO] MicroXplorer:468 - Change Database Path : 
2023-12-17 16:01:52,161 [INFO] MicroXplorer:498 - Change Database Version : DB.6.0.100
2023-12-17 16:01:52,169 [WARN] ThirdParty:871 - waiting for thirdparty lock release [close project]
2023-12-17 16:01:52,170 [INFO] ThirdParty:873 - entering critical section [close project]
2023-12-17 16:01:52,172 [INFO] ThirdParty:883 - exiting critical section [close project]
2023-12-17 16:01:52,176 [INFO] PinOutPanel:1499 - setPackage(No Configuration,No Configuration)
2023-12-17 16:01:52,189 [INFO] UtilMem:75 - Begin LoadConfig() Used Memory: 623213992 Bytes (1021313024)
2023-12-17 16:01:52,191 [INFO] MicroXplorer:468 - Change Database Path : 
2023-12-17 16:01:52,192 [INFO] MicroXplorer:498 - Change Database Version : DB.6.0.100
2023-12-17 16:01:52,192 [INFO] OpenFileManager:312 - Change cursor
2023-12-17 16:01:52,354 [INFO] Mcu:2016 - Initializing MCU STM32F103C(4-6)Tx STM32F103C6Tx STM32F103C6T6A
2023-12-17 16:01:55,373 [INFO] Context:659 - Trying to add GPIOservice into a context  which must be forbidden
2023-12-17 16:01:55,977 [INFO] RtosManager:555 - Registered RTOS mode: class=CMSIS, group=RTOS, mode=CMSIS_V1, owner=FREERTOS
2023-12-17 16:01:55,978 [INFO] RtosManager:555 - Registered RTOS mode: class=CMSIS, group=RTOS2, mode=CMSIS_V2, owner=FREERTOS
2023-12-17 16:01:55,978 [INFO] RtosManager:555 - Registered RTOS mode: class=RTOS, group=Core, mode=CMSIS_V1, owner=FREERTOS
2023-12-17 16:01:55,978 [INFO] RtosManager:555 - Registered RTOS mode: class=RTOS, group=Core, mode=CMSIS_V2, owner=FREERTOS
2023-12-17 16:01:55,979 [WARN] ModelIntegratedComponent:184 - Missing modes for component STMicroelectronics:FreeRTOS:0.0.1:STMicroelectronics:RTOS:FreeRTOS:Core:::10.2.0:
2023-12-17 16:01:56,014 [WARN] ModelIntegratedComponent:63 - No mode defined for component null
2023-12-17 16:01:56,014 [WARN] ModelIntegratedComponent:63 - No mode defined for component null
2023-12-17 16:01:56,014 [WARN] ModelIntegratedComponent:63 - No mode defined for component null
2023-12-17 16:01:56,015 [WARN] ModelIntegratedComponent:63 - No mode defined for component null
2023-12-17 16:01:56,015 [WARN] ModelIntegratedComponent:63 - No mode defined for component null
2023-12-17 16:01:56,015 [WARN] ModelIntegratedComponent:63 - No mode defined for component null
2023-12-17 16:01:56,015 [WARN] ModelIntegratedComponent:63 - No mode defined for component null
2023-12-17 16:01:56,015 [WARN] ModelIntegratedComponent:63 - No mode defined for component null
2023-12-17 16:01:56,015 [WARN] ModelIntegratedComponent:63 - No mode defined for component null
2023-12-17 16:01:56,015 [WARN] ModelIntegratedComponent:63 - No mode defined for component null
2023-12-17 16:01:56,015 [WARN] ModelIntegratedComponent:63 - No mode defined for component null
2023-12-17 16:01:56,016 [WARN] ModelIntegratedComponent:63 - No mode defined for component null
2023-12-17 16:01:56,016 [WARN] ModelIntegratedComponent:63 - No mode defined for component null
2023-12-17 16:01:56,016 [WARN] ModelIntegratedComponent:63 - No mode defined for component null
2023-12-17 16:01:56,016 [WARN] ModelIntegratedComponent:63 - No mode defined for component null
2023-12-17 16:01:56,016 [WARN] ModelIntegratedComponent:63 - No mode defined for component null
2023-12-17 16:01:56,016 [WARN] ModelIntegratedComponent:63 - No mode defined for component null
2023-12-17 16:01:56,016 [WARN] ModelIntegratedComponent:63 - No mode defined for component null
2023-12-17 16:01:56,016 [WARN] ModelIntegratedComponent:63 - No mode defined for component null
2023-12-17 16:01:56,016 [WARN] ModelIntegratedComponent:63 - No mode defined for component null
2023-12-17 16:01:56,017 [WARN] ModelIntegratedComponent:63 - No mode defined for component null
2023-12-17 16:01:56,017 [WARN] ModelIntegratedComponent:63 - No mode defined for component null
2023-12-17 16:01:56,017 [WARN] ModelIntegratedComponent:63 - No mode defined for component null
2023-12-17 16:01:56,017 [WARN] ModelIntegratedComponent:63 - No mode defined for component null
2023-12-17 16:01:56,017 [WARN] ModelIntegratedComponent:63 - No mode defined for component null
2023-12-17 16:01:56,017 [WARN] ModelIntegratedComponent:63 - No mode defined for component null
2023-12-17 16:01:56,017 [WARN] ModelIntegratedComponent:63 - No mode defined for component null
2023-12-17 16:01:56,018 [WARN] ModelIntegratedComponent:63 - No mode defined for component null
2023-12-17 16:01:56,018 [WARN] ModelIntegratedComponent:63 - No mode defined for component null
2023-12-17 16:01:56,018 [WARN] ModelIntegratedComponent:63 - No mode defined for component null
2023-12-17 16:01:56,018 [WARN] ModelIntegratedComponent:63 - No mode defined for component null
2023-12-17 16:01:56,018 [WARN] ModelIntegratedComponent:63 - No mode defined for component null
2023-12-17 16:01:56,018 [WARN] ModelIntegratedComponent:63 - No mode defined for component null
2023-12-17 16:01:56,469 [INFO] ThirdPartyModel:298 - Start build external matchings
2023-12-17 16:01:56,868 [INFO] ThirdPartyModel:316 - End build external matchings
2023-12-17 16:01:57,358 [INFO] UtilMem:75 - End LoadConfig() Used Memory: 597597288 Bytes (1021313024)
2023-12-17 16:01:57,558 [INFO] ApiDb:581 - Connected to CubeFinder SQLite database (C:\Users\Admin\.stmcufinder\plugins\mcufinder\mcu\cube-finder-db.db)
2023-12-17 16:01:57,740 [INFO] ApiDb:668 - CubeFinder database Data Model version=2.1
2023-12-17 16:01:57,741 [INFO] ApiDb:669 - CubeFinder database Configuration version=3.0.39
2023-12-17 16:01:57,742 [INFO] ApiDb:670 - CubeFinder database generation date=2023-11-06 (1699269565)
2023-12-17 16:01:57,743 [INFO] ApiDb:671 - CubeFinder database FW Pack versions=[FP-ATR-ASTRA1_V2.0.0, FP-SNS-FLIGHT1_V5.0.1, FP-SNS-FLIGHT1_V5.0.2, FP-SNS-MOTENV1_V4.3.1, FP-SNS-MOTENV1_V4.3.2, FP-SNS-MOTENVWB1_V1.3.0, FP-SNS-SMARTAG2_V1.2.0, STM32Cube_FW_C0_V1.1.0, STM32Cube_FW_F4_V1.28.0, STM32Cube_FW_F7_V1.17.0, STM32Cube_FW_G0_V1.6.1, STM32Cube_FW_G4_V1.5.1, STM32Cube_FW_H5_V0.5.1, STM32Cube_FW_H5_V1.1.1, STM32Cube_FW_H5_V1.2.0RC2, STM32Cube_FW_H7_V1.11.0, STM32Cube_FW_L0_V1.12.2, STM32Cube_FW_L5_V1.5.0, STM32Cube_FW_U5_V1.3.0RC4, STM32Cube_FW_U5_V1.4.0, STM32Cube_FW_WBA_V1.0.0RC1, STM32Cube_FW_WBA_V1.1.0RC1, STM32Cube_FW_WBA_V1.2.0, STM32Cube_FW_WBA_V1.2.0RC2, STM32Cube_FW_WB_V1.15.0RC1, STM32Cube_FW_WB_V1.16.0, STM32Cube_FW_WB_V1.16.0RC2, STM32Cube_FW_WB_V1.18.0, STM32Cube_FW_WL_V1.3.0, X-CUBE-ALGOBUILD_V1.3.0, X-CUBE-ALS_V1.0.1, X-CUBE-AZRTOS-F4_V1.1.0, X-CUBE-AZRTOS-F7_V1.1.0, X-CUBE-AZRTOS-G0_V1.1.0, X-CUBE-AZRTOS-G4_V2.0.0, X-CUBE-AZRTOS-H7_V3.1.0, X-CUBE-AZRTOS-L4_V1.0.0, X-CUBE-AZRTOS-L4_V2.0.0, X-CUBE-AZRTOS-L5_V1.1.0, X-CUBE-AZRTOS-WB_V2.0.0, X-CUBE-AZRTOS-WL_V2.0.0, X-CUBE-BLE1_V7.0.0, X-CUBE-BLE2_V3.3.0, X-CUBE-BLEMGR_V2.0.0, X-CUBE-EEPRMA1_V4.1.0, X-CUBE-EEPRMA1_V4.2.0, X-CUBE-FREERTOS_V1.1.0, X-CUBE-GNSS1_V6.0.0, X-CUBE-MEMS1_V10.0.0, X-CUBE-MEMS1_V9.1.0, X-CUBE-MEMS1_V9.4.0, X-CUBE-MEMS1_V9.6.0, X-CUBE-NFC4_V3.0.0, X-CUBE-NFC7_V1.0.1, X-CUBE-SFXS2LP1_V4.0.0, X-CUBE-SUBG2_V5.0.0, X-CUBE-TOF1_V3.3.1]
2023-12-17 16:02:02,100 [INFO] ApiDb:240 - Found 371 in-development CPN: [B-G473E-ZEST1S, B-WB1M-WPAN1, B-WL5M-SUBG1, NUCLEO-C031C6, NUCLEO-H503RB, NUCLEO-H563ZI, NUCLEO-U545RE-Q, NUCLEO-U5A5ZJ-Q, NUCLEO-WBA52CG, NUCLEO-WBA55CG, STEVAL-MKBOXPRO, STEVAL-PROTEUS1, STEVAL-STWINBX1, STM320518-EVAL, STM32C0116-DK, STM32C011D6Y3TR, STM32C011D6Y6TR, STM32C011F4P3, STM32C011F4P6, STM32C011F4U3, STM32C011F4U6TR, STM32C011F6P3, STM32C011F6P6, STM32C011F6U3, STM32C011F6U6TR, STM32C011J4M3, STM32C011J4M6, STM32C011J6M3, STM32C011J6M6, STM32C0316-DK, STM32C031C4T3, STM32C031C4T6, STM32C031C4U3, STM32C031C4U6, STM32C031C6T3, STM32C031C6T6, STM32C031C6U3, STM32C031C6U6, STM32C031F4P3, STM32C031F4P6, STM32C031F6P3, STM32C031F6P6, STM32C031G4U3, STM32C031G4U6, STM32C031G6U3, STM32C031G6U6, STM32C031K4T3, STM32C031K4T6, STM32C031K4U3, STM32C031K4U6, STM32C031K6T3, STM32C031K6T6, STM32C031K6U3, STM32C031K6U6, STM32G071K8TXN, STM32G071K8UXN, STM32G081GBU6N, STM32G081KBT6N, STM32G081KBUXN, STM32G0B1CCT6N, STM32G0B1KCT6, STM32G0B1NEY6TR, STM32G0B1RCT6N, STM32G0C1CCT6, STM32G0C1CCT6N, STM32G0C1CCU6N, STM32G0C1CET6N, STM32G0C1CEU6N, STM32G0C1KCT6, STM32G0C1NEY6TR, STM32G0C1RCI6N, STM32G0C1RCT6N, STM32G0C1REI6N, STM32G0C1RET6N, STM32G0C1VCI6, STM32G0C1VEI6, STM32G471CCT6, STM32G471CCU6, STM32G471CET3, STM32G471CET6, STM32G471CEU3, STM32G471CEU6, STM32G471MCT6, STM32G471MET3, STM32G471MET6, STM32G471MEY6TR, STM32G471QCT6, STM32G471QET3, STM32G471RCT6, STM32G471RET3, STM32G471RET6, STM32G471VCH6, STM32G471VCI6, STM32G471VCT6, STM32G471VEH3, STM32G471VEH6, STM32G471VEI3, STM32G471VEI6, STM32G471VET3, STM32G471VET6, STM32G474CCT6, STM32H503CBT6, STM32H503CBU6, STM32H503EBY6TR, STM32H503KBU6, STM32H503RBT6, STM32H562AGI6, STM32H562AII6, STM32H562IGK6, STM32H562IGT6, STM32H562IIK6, STM32H562IIT6, STM32H562RGT6, STM32H562RGV6, STM32H562RIT6, STM32H562RIV6, STM32H562VGT6, STM32H562VIT6, STM32H562ZGT6, STM32H562ZIT6, STM32H563AGI6, STM32H563AII3Q, STM32H563AII6, STM32H563IGK6, STM32H563IGT6, STM32H563IIK3Q, STM32H563IIK6, STM32H563IIT3Q, STM32H563IIT6, STM32H563MIY3QTR, STM32H563RGT6, STM32H563RGV6, STM32H563RIT6, STM32H563RIV6, STM32H563VGT6, STM32H563VIT3Q, STM32H563VIT6, STM32H563ZGT6, STM32H563ZIT3Q, STM32H563ZIT6, STM32H573AII3Q, STM32H573AII6, STM32H573I-DK, STM32H573IIK3Q, STM32H573IIK6, STM32H573IIT3Q, STM32H573IIT6, STM32H573MIY3QTR, STM32H573RIT6, STM32H573RIV6, STM32H573VIT3Q, STM32H573VIT6, STM32H573ZIT3Q, STM32H573ZIT6, STM32L4R5QGI6STR, STM32MP131AAE3, STM32MP131AAF3, STM32MP131AAG3, STM32MP131CAE3, STM32MP131CAF3, STM32MP131CAG3, STM32MP131DAE7, STM32MP131DAF7, STM32MP131DAG7, STM32MP131FAE7, STM32MP131FAF7, STM32MP131FAG7, STM32MP133AAE3, STM32MP133AAF3, STM32MP133AAG3, STM32MP133CAE3, STM32MP133CAF3, STM32MP133CAG3, STM32MP133DAE7, STM32MP133DAF7, STM32MP133DAG7, STM32MP133FAE7, STM32MP133FAF7, STM32MP133FAG7, STM32MP135AAE3, STM32MP135AAF3, STM32MP135AAG3, STM32MP135CAE3, STM32MP135CAF3, STM32MP135CAG3, STM32MP135DAE7, STM32MP135DAF7, STM32MP135DAG7, STM32MP135F-DK, STM32MP135FAE7, STM32MP135FAF7, STM32MP135FAF7T, STM32MP135FAF7U, STM32MP135FAG7, STM32U535CBT6, STM32U535CBT6Q, STM32U535CBU6, STM32U535CBU6Q, STM32U535CCT6, STM32U535CCT6Q, STM32U535CCU6, STM32U535CCU6Q, STM32U535CET6, STM32U535CET6Q, STM32U535CEU6, STM32U535CEU6Q, STM32U535JEY6QTR, STM32U535NCY6QTR, STM32U535NEY6QTR, STM32U535RBI6, STM32U535RBI6Q, STM32U535RBT6, STM32U535RBT6Q, STM32U535RCI6, STM32U535RCI6Q, STM32U535RCT6, STM32U535RCT6Q, STM32U535REI6, STM32U535REI6Q, STM32U535RET6, STM32U535RET6Q, STM32U535VCI6, STM32U535VCI6Q, STM32U535VCT6, STM32U535VCT6Q, STM32U535VEI6, STM32U535VEI6Q, STM32U535VET6, STM32U535VET6Q, STM32U545CET6, STM32U545CET6Q, STM32U545CEU6, STM32U545CEU6Q, STM32U545JEY6QTR, STM32U545NEY6QTR, STM32U545REI6, STM32U545REI6Q, STM32U545RET6, STM32U545RET6Q, STM32U545VEI6, STM32U545VEI6Q, STM32U545VET6, STM32U545VET6Q, STM32U595AIH6, STM32U595AIH6Q, STM32U595AJH6, STM32U595AJH6Q, STM32U595QII6, STM32U595QII6Q, STM32U595QJI6, STM32U595QJI6Q, STM32U595RIT6, STM32U595RIT6Q, STM32U595RJT6, STM32U595RJT6Q, STM32U595VIT6, STM32U595VIT6Q, STM32U595VJT6, STM32U595VJT6Q, STM32U595ZIT6, STM32U595ZIT6Q, STM32U595ZIY6QTR, STM32U595ZJT6, STM32U595ZJT6Q, STM32U595ZJY6QTR, STM32U599BJY6QTR, STM32U599NIH6Q, STM32U599NJH6Q, STM32U599VIT6Q, STM32U599VJT6, STM32U599VJT6Q, STM32U599ZIT6Q, STM32U599ZIY6QTR, STM32U599ZJT6Q, STM32U599ZJY6QTR, STM32U5A5AJH6, STM32U5A5AJH6Q, STM32U5A5QJI6, STM32U5A5QJI6Q, STM32U5A5RJT6, STM32U5A5RJT6Q, STM32U5A5VJT6, STM32U5A5VJT6Q, STM32U5A5ZJT6, STM32U5A5ZJT6Q, STM32U5A5ZJY6QTR, STM32U5A9BJY6QTR, STM32U5A9J-DK, STM32U5A9NJH6Q, STM32U5A9VJT6Q, STM32U5A9ZJT6Q, STM32U5A9ZJY6QTR, STM32U5F7VIT6, STM32U5F7VIT6Q, STM32U5F7VJT6, STM32U5F7VJT6Q, STM32U5F9BJY6QTR, STM32U5F9NJH6Q, STM32U5F9VIT6Q, STM32U5F9VJT6Q, STM32U5F9ZIJ6QTR, STM32U5F9ZIT6Q, STM32U5F9ZJJ6QTR, STM32U5F9ZJT6Q, STM32U5G7VJT6, STM32U5G7VJT6Q, STM32U5G9BJY6QTR, STM32U5G9J-DK1, STM32U5G9J-DK2, STM32U5G9NJH6Q, STM32U5G9VJT6Q, STM32U5G9ZJJ6QTR, STM32U5G9ZJT6Q, STM32WB1MMCH6, STM32WBA50KEU6, STM32WBA50KEU6TR, STM32WBA50KGU6, STM32WBA50KGU6TR, STM32WBA52CEU6, STM32WBA52CEU6TR, STM32WBA52CEU7, STM32WBA52CEU7TR, STM32WBA52CGU6, STM32WBA52CGU6TR, STM32WBA52CGU6U, STM32WBA52CGU7, STM32WBA52CGU7TR, STM32WBA52KEU6, STM32WBA52KEU6TR, STM32WBA52KGU6, STM32WBA52KGU6TR, STM32WBA54CEU6, STM32WBA54CEU6TR, STM32WBA54CEU7, STM32WBA54CEU7TR, STM32WBA54CGU6, STM32WBA54CGU6TR, STM32WBA54CGU7, STM32WBA54CGU7TR, STM32WBA54KEU6, STM32WBA54KEU6TR, STM32WBA54KEU7, STM32WBA54KEU7TR, STM32WBA54KGU6, STM32WBA54KGU6TR, STM32WBA54KGU7, STM32WBA54KGU7TR, STM32WBA55CEU6, STM32WBA55CEU6TR, STM32WBA55CEU7, STM32WBA55CEU7TR, STM32WBA55CGU6, STM32WBA55CGU6TR, STM32WBA55CGU6U, STM32WBA55CGU7, STM32WBA55CGU7TR, STM32WBA55G-DK1, STM32WBA55HEF6, STM32WBA55HEF7, STM32WBA55HGF6, STM32WBA55HGF7, STM32WBA55UEI6, STM32WBA55UEI6TR, STM32WBA55UEI7, STM32WBA55UEI7TR, STM32WBA55UGI6, STM32WBA55UGI6TR, STM32WBA55UGI7, STM32WBA55UGI7TR, STM32WL5MOCH6, STM32WL5MOCH6TR]
2023-12-17 16:02:02,106 [INFO] DbMcus:218 - Found 3930 MCUs, 3930 are supported
2023-12-17 16:02:02,107 [INFO] ApiDb:423 - Load user favorites file C:\Users\Admin/.stm32cubeide/favorites.mcus.txt: 0 item(s)
2023-12-17 16:02:02,107 [INFO] ApiDb:427 - User favorites MCUs=[]
2023-12-17 16:02:02,107 [INFO] DbMcus:224 - Set 0 / 0 favorites MCUs
2023-12-17 16:02:02,714 [INFO] MicroXplorer:468 - Change Database Path : 
2023-12-17 16:02:02,714 [INFO] MicroXplorer:498 - Change Database Version : DB.6.0.100
2023-12-17 16:02:02,714 [WARN] ThirdParty:833 - waiting for thirdparty lock release [change project]
2023-12-17 16:02:02,715 [INFO] ThirdParty:835 - entering critical section [change project]
2023-12-17 16:02:02,715 [INFO] ThirdParty:1030 - CMSIS Pack Vendor :STMicroelectronics USBPD 4.1
2023-12-17 16:02:02,715 [INFO] ThirdParty:1030 - CMSIS Pack Vendor :STMicroelectronics X-CUBE-GNSS1 6.0.0
2023-12-17 16:02:02,715 [INFO] ThirdParty:1030 - CMSIS Pack Vendor :STMicroelectronics USB_HOST 2.0.0
2023-12-17 16:02:02,715 [INFO] ThirdParty:1030 - CMSIS Pack Vendor :STMicroelectronics X-CUBE-AZRTOS-F4 1.1.0
2023-12-17 16:02:02,715 [INFO] ThirdParty:1030 - CMSIS Pack Vendor :STMicroelectronics LIBJPEG 8.0.0
2023-12-17 16:02:02,716 [INFO] ThirdParty:1030 - CMSIS Pack Vendor :wolfSSL I-CUBE-wolfSSL 5.6.4
2023-12-17 16:02:02,716 [INFO] ThirdParty:1030 - CMSIS Pack Vendor :STMicroelectronics X-CUBE-SMBUS 2.1.0
2023-12-17 16:02:02,716 [INFO] ThirdParty:1030 - CMSIS Pack Vendor :STMicroelectronics USB_DEVICE 3.0.0
2023-12-17 16:02:02,716 [INFO] ThirdParty:1030 - CMSIS Pack Vendor :STMicroelectronics X-CUBE-AZRTOS-WB 2.0.0
2023-12-17 16:02:02,716 [INFO] ThirdParty:1030 - CMSIS Pack Vendor :STMicroelectronics X-CUBE-TOUCHGFX 4.23.0
2023-12-17 16:02:02,716 [INFO] ThirdParty:1030 - CMSIS Pack Vendor :STMicroelectronics X-CUBE-AZRTOS-F7 1.1.0
2023-12-17 16:02:02,716 [INFO] ThirdParty:1030 - CMSIS Pack Vendor :STMicroelectronics X-CUBE-AZRTOS-L5 2.0.0
2023-12-17 16:02:02,716 [INFO] ThirdParty:1030 - CMSIS Pack Vendor :STMicroelectronics USB_DEVICE 2.0.0
2023-12-17 16:02:02,716 [INFO] ThirdParty:1030 - CMSIS Pack Vendor :STMicroelectronics X-CUBE-EEPRMA1 4.2.0
2023-12-17 16:02:02,716 [INFO] ThirdParty:1030 - CMSIS Pack Vendor :ITTIA_DB I-CUBE-ITTIADB 8.8.0
2023-12-17 16:02:02,716 [INFO] ThirdParty:1030 - CMSIS Pack Vendor :STMicroelectronics FP-SNS-MOTENV1 4.3.2
2023-12-17 16:02:02,716 [INFO] ThirdParty:1030 - CMSIS Pack Vendor :STMicroelectronics X-CUBE-ALGOBUILD 1.3.0
2023-12-17 16:02:02,717 [INFO] ThirdParty:1030 - CMSIS Pack Vendor :STMicroelectronics FreeRTOS 0.0.1
2023-12-17 16:02:02,717 [INFO] ThirdParty:1030 - CMSIS Pack Vendor :STMicroelectronics X-CUBE-AZRTOS-G0 1.1.0
2023-12-17 16:02:02,717 [INFO] ThirdParty:1030 - CMSIS Pack Vendor :STMicroelectronics X-CUBE-NFC4 3.0.0
2023-12-17 16:02:02,717 [INFO] ThirdParty:1030 - CMSIS Pack Vendor :STMicroelectronics X-CUBE-SUBG2 5.0.0
2023-12-17 16:02:02,717 [INFO] ThirdParty:1030 - CMSIS Pack Vendor :STMicroelectronics STM32_WPAN 1.0.0
2023-12-17 16:02:02,717 [INFO] ThirdParty:1030 - CMSIS Pack Vendor :STMicroelectronics lwIP 2.0.3
2023-12-17 16:02:02,717 [INFO] ThirdParty:1030 - CMSIS Pack Vendor :STMicroelectronics FP-SNS-FLIGHT1 5.0.2
2023-12-17 16:02:02,717 [INFO] ThirdParty:1030 - CMSIS Pack Vendor :STMicroelectronics USB_HOST 1.0.0
2023-12-17 16:02:02,717 [INFO] ThirdParty:1030 - CMSIS Pack Vendor :STMicroelectronics X-CUBE-AZRTOS-G4 2.0.0
2023-12-17 16:02:02,717 [INFO] ThirdParty:1030 - CMSIS Pack Vendor :STMicroelectronics PDM2PCM 3.1.0
2023-12-17 16:02:02,717 [INFO] ThirdParty:1030 - CMSIS Pack Vendor :Infineon AIROC-Wi-Fi-Bluetooth-STM32 1.5.1
2023-12-17 16:02:02,717 [INFO] ThirdParty:1030 - CMSIS Pack Vendor :STMicroelectronics X-CUBE-BLEMGR 3.0.0
2023-12-17 16:02:02,717 [INFO] ThirdParty:1030 - CMSIS Pack Vendor :STMicroelectronics PDM2PCM 3.3.0
2023-12-17 16:02:02,717 [INFO] ThirdParty:1030 - CMSIS Pack Vendor :STMicroelectronics X-CUBE-DISPLAY 3.0.0
2023-12-17 16:02:02,718 [INFO] ThirdParty:1030 - CMSIS Pack Vendor :STMicroelectronics FP-SNS-MOTENVWB1 1.3.1
2023-12-17 16:02:02,718 [INFO] ThirdParty:1030 - CMSIS Pack Vendor :STMicroelectronics X-CUBE-BLE1 7.0.0
2023-12-17 16:02:02,718 [INFO] ThirdParty:1030 - CMSIS Pack Vendor :STMicroelectronics FP-ATR-SIGFOX1 3.2.0
2023-12-17 16:02:02,718 [INFO] ThirdParty:1030 - CMSIS Pack Vendor :STMicroelectronics X-CUBE-ISPU 2.0.0
2023-12-17 16:02:02,718 [INFO] ThirdParty:1030 - CMSIS Pack Vendor :STMicroelectronics HAL Drivers 0.0.0
2023-12-17 16:02:02,718 [INFO] ThirdParty:1030 - CMSIS Pack Vendor :STMicroelectronics MBEDTLS 2.16.2
2023-12-17 16:02:02,718 [INFO] ThirdParty:1030 - CMSIS Pack Vendor :emotas I-CUBE-CANOPEN 1.3.0
2023-12-17 16:02:02,718 [INFO] ThirdParty:1030 - CMSIS Pack Vendor :STMicroelectronics X-CUBE-MEMS1 10.0.0
2023-12-17 16:02:02,718 [INFO] ThirdParty:1030 - CMSIS Pack Vendor :STMicroelectronics X-CUBE-FREERTOS 1.1.0
2023-12-17 16:02:02,718 [INFO] ThirdParty:1030 - CMSIS Pack Vendor :STMicroelectronics X-CUBE-NFC7 1.0.1
2023-12-17 16:02:02,719 [INFO] ThirdParty:1030 - CMSIS Pack Vendor :STMicroelectronics MBEDTLS 2.14.1
2023-12-17 16:02:02,719 [INFO] ThirdParty:1030 - CMSIS Pack Vendor :STMicroelectronics X-CUBE-TOUCHGFX 4.22.1
2023-12-17 16:02:02,719 [INFO] ThirdParty:1030 - CMSIS Pack Vendor :STMicroelectronics X-CUBE-NFC6 3.0.0
2023-12-17 16:02:02,719 [INFO] ThirdParty:1030 - CMSIS Pack Vendor :portGmbH I-Cube-SoM-uGOAL 1.1.0
2023-12-17 16:02:02,719 [INFO] ThirdParty:1030 - CMSIS Pack Vendor :STMicroelectronics X-CUBE-ALS 1.0.1
2023-12-17 16:02:02,719 [INFO] ThirdParty:1030 - CMSIS Pack Vendor :STMicroelectronics ThreadX 1.0.0
2023-12-17 16:02:02,719 [INFO] ThirdParty:1030 - CMSIS Pack Vendor :STMicroelectronics FP-SNS-SMARTAG2 1.2.0
2023-12-17 16:02:02,719 [INFO] ThirdParty:1030 - CMSIS Pack Vendor :STMicroelectronics X-CUBE-AZRTOS-WL 2.0.0
2023-12-17 16:02:02,719 [INFO] ThirdParty:1030 - CMSIS Pack Vendor :STMicroelectronics USB_DEVICE 1.0.0
2023-12-17 16:02:02,720 [INFO] ThirdParty:1030 - CMSIS Pack Vendor :STMicroelectronics X-CUBE-AI 8.1.0
2023-12-17 16:02:02,720 [INFO] ThirdParty:1030 - CMSIS Pack Vendor :STMicroelectronics X-CUBE-AZRTOS-L4 2.0.0
2023-12-17 16:02:02,720 [INFO] ThirdParty:1030 - CMSIS Pack Vendor :STMicroelectronics ThreadX 0.0.2
2023-12-17 16:02:02,720 [INFO] ThirdParty:1030 - CMSIS Pack Vendor :WES I-CUBE-Cesium 1.3.0
2023-12-17 16:02:02,720 [INFO] ThirdParty:1030 - CMSIS Pack Vendor :STMicroelectronics FP-ATR-ASTRA1 2.0.0
2023-12-17 16:02:02,720 [INFO] ThirdParty:1030 - CMSIS Pack Vendor :STMicroelectronics lwIP 2.1.2
2023-12-17 16:02:02,720 [INFO] ThirdParty:1030 - CMSIS Pack Vendor :STMicroelectronics X-CUBE-SFXS2LP1 4.0.0
2023-12-17 16:02:02,720 [INFO] ThirdParty:1030 - CMSIS Pack Vendor :STMicroelectronics X-CUBE-BLE2 3.3.0
2023-12-17 16:02:02,721 [INFO] ThirdParty:1030 - CMSIS Pack Vendor :STMicroelectronics X-CUBE-TOF1 3.4.0
2023-12-17 16:02:02,721 [INFO] ThirdParty:1030 - CMSIS Pack Vendor :STMicroelectronics X-CUBE-AZRTOS-H7 3.2.0
2023-12-17 16:02:02,721 [INFO] ThirdParty:1030 - CMSIS Pack Vendor :STMicroelectronics PDM2PCM 3.2.0
2023-12-17 16:02:02,721 [INFO] ThirdParty:841 - exiting critical section [change project]
2023-12-17 16:02:03,440 [INFO] PinOutPanel:1499 - setPackage(No Configuration,No Configuration)
2023-12-17 16:02:03,443 [INFO] PinOutPanel:1499 - setPackage(STM32F103C6Tx,LQFP48)
2023-12-17 16:02:04,808 [INFO] UtilMem:75 - Before build in PCC Used Memory: 355898016 Bytes (1021313024)
2023-12-17 16:02:07,139 [INFO] UtilMem:75 - After build in PCC Used Memory: 447571504 Bytes (1021313024)
2023-12-17 16:02:07,236 [INFO] IPUIPlugin:80 - create IPUIPlugin
2023-12-17 16:02:07,236 [INFO] IPUIPlugin:80 - create IPUIPlugin
2023-12-17 16:02:07,237 [INFO] IPUIPlugin:80 - create IPUIPlugin
2023-12-17 16:02:07,237 [INFO] IPUIPlugin:80 - create IPUIPlugin
2023-12-17 16:02:07,237 [INFO] IPUIPlugin:80 - create IPUIPlugin
2023-12-17 16:02:07,237 [INFO] IPUIPlugin:80 - create IPUIPlugin
2023-12-17 16:02:07,238 [INFO] IPUIPlugin:80 - create IPUIPlugin
2023-12-17 16:02:07,238 [INFO] IPUIPlugin:80 - create IPUIPlugin
2023-12-17 16:02:07,238 [INFO] IPUIPlugin:80 - create IPUIPlugin
2023-12-17 16:02:07,238 [INFO] IPUIPlugin:80 - create IPUIPlugin
2023-12-17 16:02:07,239 [INFO] IPUIPlugin:80 - create IPUIPlugin
2023-12-17 16:02:07,239 [INFO] IPUIPlugin:80 - create IPUIPlugin
2023-12-17 16:02:07,240 [INFO] IPUIPlugin:80 - create IPUIPlugin
2023-12-17 16:02:07,240 [INFO] IPUIPlugin:80 - create IPUIPlugin
2023-12-17 16:02:07,240 [INFO] IPUIPlugin:80 - create IPUIPlugin
2023-12-17 16:02:07,241 [INFO] IPUIPlugin:80 - create IPUIPlugin
2023-12-17 16:02:07,241 [INFO] IPUIPlugin:80 - create IPUIPlugin
2023-12-17 16:02:07,241 [INFO] IPUIPlugin:80 - create IPUIPlugin
2023-12-17 16:02:07,242 [INFO] IPUIPlugin:80 - create IPUIPlugin
2023-12-17 16:02:07,242 [INFO] IPUIPlugin:80 - create IPUIPlugin
2023-12-17 16:02:07,243 [INFO] IPUIPlugin:80 - create IPUIPlugin
2023-12-17 16:02:07,243 [INFO] IPUIPlugin:80 - create IPUIPlugin
2023-12-17 16:02:07,244 [INFO] IPUIPlugin:80 - create IPUIPlugin
2023-12-17 16:02:07,598 [INFO] CADModel:165 - CPN selected for project levelSTM32F103C6T6A
2023-12-17 16:02:07,598 [INFO] CADModel:114 - Register for checkConnection events
2023-12-17 16:02:07,670 [INFO] OpenFileManager:343 - Restore cursor
2023-12-17 16:10:36,271 [ERROR] ConfigurationRetriever:142 - IOException on connection: sw-center.st.com
2023-12-17 16:10:36,273 [ERROR] ConfigurationRetriever:142 - IOException on connection: sw-center.st.com
2023-12-17 16:10:36,273 [ERROR] ConfigurationRetriever:142 - IOException on connection: sw-center.st.com
